running egg_info
creating ../../build/px4_gui_ctrl/px4_gui_ctrl.egg-info
writing ../../build/px4_gui_ctrl/px4_gui_ctrl.egg-info/PKG-INFO
writing dependency_links to ../../build/px4_gui_ctrl/px4_gui_ctrl.egg-info/dependency_links.txt
writing entry points to ../../build/px4_gui_ctrl/px4_gui_ctrl.egg-info/entry_points.txt
writing requirements to ../../build/px4_gui_ctrl/px4_gui_ctrl.egg-info/requires.txt
writing top-level names to ../../build/px4_gui_ctrl/px4_gui_ctrl.egg-info/top_level.txt
writing manifest file '../../build/px4_gui_ctrl/px4_gui_ctrl.egg-info/SOURCES.txt'
reading manifest file '../../build/px4_gui_ctrl/px4_gui_ctrl.egg-info/SOURCES.txt'
writing manifest file '../../build/px4_gui_ctrl/px4_gui_ctrl.egg-info/SOURCES.txt'
running build
running build_py
creating /home/hk/capstone/control_code/build/px4_gui_ctrl/build
creating /home/hk/capstone/control_code/build/px4_gui_ctrl/build/lib
creating /home/hk/capstone/control_code/build/px4_gui_ctrl/build/lib/px4_gui_ctrl
copying px4_gui_ctrl/manual_controller.py -> /home/hk/capstone/control_code/build/px4_gui_ctrl/build/lib/px4_gui_ctrl
copying px4_gui_ctrl/gui_node.py -> /home/hk/capstone/control_code/build/px4_gui_ctrl/build/lib/px4_gui_ctrl
copying px4_gui_ctrl/drone_teleop.py -> /home/hk/capstone/control_code/build/px4_gui_ctrl/build/lib/px4_gui_ctrl
copying px4_gui_ctrl/auto_painter.py -> /home/hk/capstone/control_code/build/px4_gui_ctrl/build/lib/px4_gui_ctrl
copying px4_gui_ctrl/__init__.py -> /home/hk/capstone/control_code/build/px4_gui_ctrl/build/lib/px4_gui_ctrl
running install
running install_lib
creating /home/hk/capstone/control_code/install/px4_gui_ctrl/lib/python3.10/site-packages/px4_gui_ctrl
copying /home/hk/capstone/control_code/build/px4_gui_ctrl/build/lib/px4_gui_ctrl/manual_controller.py -> /home/hk/capstone/control_code/install/px4_gui_ctrl/lib/python3.10/site-packages/px4_gui_ctrl
copying /home/hk/capstone/control_code/build/px4_gui_ctrl/build/lib/px4_gui_ctrl/gui_node.py -> /home/hk/capstone/control_code/install/px4_gui_ctrl/lib/python3.10/site-packages/px4_gui_ctrl
copying /home/hk/capstone/control_code/build/px4_gui_ctrl/build/lib/px4_gui_ctrl/drone_teleop.py -> /home/hk/capstone/control_code/install/px4_gui_ctrl/lib/python3.10/site-packages/px4_gui_ctrl
copying /home/hk/capstone/control_code/build/px4_gui_ctrl/build/lib/px4_gui_ctrl/auto_painter.py -> /home/hk/capstone/control_code/install/px4_gui_ctrl/lib/python3.10/site-packages/px4_gui_ctrl
copying /home/hk/capstone/control_code/build/px4_gui_ctrl/build/lib/px4_gui_ctrl/__init__.py -> /home/hk/capstone/control_code/install/px4_gui_ctrl/lib/python3.10/site-packages/px4_gui_ctrl
byte-compiling /home/hk/capstone/control_code/install/px4_gui_ctrl/lib/python3.10/site-packages/px4_gui_ctrl/manual_controller.py to manual_controller.cpython-310.pyc
byte-compiling /home/hk/capstone/control_code/install/px4_gui_ctrl/lib/python3.10/site-packages/px4_gui_ctrl/gui_node.py to gui_node.cpython-310.pyc
byte-compiling /home/hk/capstone/control_code/install/px4_gui_ctrl/lib/python3.10/site-packages/px4_gui_ctrl/drone_teleop.py to drone_teleop.cpython-310.pyc
byte-compiling /home/hk/capstone/control_code/install/px4_gui_ctrl/lib/python3.10/site-packages/px4_gui_ctrl/auto_painter.py to auto_painter.cpython-310.pyc
byte-compiling /home/hk/capstone/control_code/install/px4_gui_ctrl/lib/python3.10/site-packages/px4_gui_ctrl/__init__.py to __init__.cpython-310.pyc
running install_data
creating /home/hk/capstone/control_code/install/px4_gui_ctrl/share/ament_index
creating /home/hk/capstone/control_code/install/px4_gui_ctrl/share/ament_index/resource_index
creating /home/hk/capstone/control_code/install/px4_gui_ctrl/share/ament_index/resource_index/packages
copying resource/px4_gui_ctrl -> /home/hk/capstone/control_code/install/px4_gui_ctrl/share/ament_index/resource_index/packages
copying package.xml -> /home/hk/capstone/control_code/install/px4_gui_ctrl/share/px4_gui_ctrl
running install_egg_info
Copying ../../build/px4_gui_ctrl/px4_gui_ctrl.egg-info to /home/hk/capstone/control_code/install/px4_gui_ctrl/lib/python3.10/site-packages/px4_gui_ctrl-0.0.0-py3.10.egg-info
running install_scripts
Installing auto_painter_node script to /home/hk/capstone/control_code/install/px4_gui_ctrl/lib/px4_gui_ctrl
Installing drone_teleop_node script to /home/hk/capstone/control_code/install/px4_gui_ctrl/lib/px4_gui_ctrl
Installing gui_node script to /home/hk/capstone/control_code/install/px4_gui_ctrl/lib/px4_gui_ctrl
Installing manual_controller_node script to /home/hk/capstone/control_code/install/px4_gui_ctrl/lib/px4_gui_ctrl
writing list of installed files to '/home/hk/capstone/control_code/build/px4_gui_ctrl/install.log'
