[0.318s] Invoking command in '/home/hk/capstone/control_code/src/px4_gui_ctrl': AMENT_PREFIX_PATH=/home/hk/capstone/control_code/install/px4_msgs:${AMENT_PREFIX_PATH} CMAKE_PREFIX_PATH=/home/hk/capstone/control_code/install/px4_msgs:${CMAKE_PREFIX_PATH} LD_LIBRARY_PATH=/home/hk/capstone/control_code/install/px4_msgs/lib:${LD_LIBRARY_PATH} PYTHONPATH=/home/hk/capstone/control_code/build/px4_gui_ctrl/prefix_override:/usr/lib/python3/dist-packages/colcon_core/task/python/colcon_distutils_commands:/home/hk/capstone/control_code/install/px4_gui_ctrl/lib/python3.10/site-packages:/home/hk/capstone/control_code/install/px4_msgs/local/lib/python3.10/dist-packages:${PYTHONPATH} /usr/bin/python3 -W ignore:setup.py install is deprecated -W ignore:easy_install command is deprecated setup.py egg_info --egg-base ../../build/px4_gui_ctrl build --build-base /home/hk/capstone/control_code/build/px4_gui_ctrl/build install --record /home/hk/capstone/control_code/build/px4_gui_ctrl/install.log --single-version-externally-managed install_data
[0.440s] running egg_info
[0.440s] creating ../../build/px4_gui_ctrl/px4_gui_ctrl.egg-info
[0.440s] writing ../../build/px4_gui_ctrl/px4_gui_ctrl.egg-info/PKG-INFO
[0.440s] writing dependency_links to ../../build/px4_gui_ctrl/px4_gui_ctrl.egg-info/dependency_links.txt
[0.440s] writing entry points to ../../build/px4_gui_ctrl/px4_gui_ctrl.egg-info/entry_points.txt
[0.440s] writing requirements to ../../build/px4_gui_ctrl/px4_gui_ctrl.egg-info/requires.txt
[0.440s] writing top-level names to ../../build/px4_gui_ctrl/px4_gui_ctrl.egg-info/top_level.txt
[0.440s] writing manifest file '../../build/px4_gui_ctrl/px4_gui_ctrl.egg-info/SOURCES.txt'
[0.440s] reading manifest file '../../build/px4_gui_ctrl/px4_gui_ctrl.egg-info/SOURCES.txt'
[0.440s] writing manifest file '../../build/px4_gui_ctrl/px4_gui_ctrl.egg-info/SOURCES.txt'
[0.440s] running build
[0.440s] running build_py
[0.440s] creating /home/hk/capstone/control_code/build/px4_gui_ctrl/build
[0.440s] creating /home/hk/capstone/control_code/build/px4_gui_ctrl/build/lib
[0.440s] creating /home/hk/capstone/control_code/build/px4_gui_ctrl/build/lib/px4_gui_ctrl
[0.440s] copying px4_gui_ctrl/manual_controller.py -> /home/hk/capstone/control_code/build/px4_gui_ctrl/build/lib/px4_gui_ctrl
[0.440s] copying px4_gui_ctrl/gui_node.py -> /home/hk/capstone/control_code/build/px4_gui_ctrl/build/lib/px4_gui_ctrl
[0.440s] copying px4_gui_ctrl/drone_teleop.py -> /home/hk/capstone/control_code/build/px4_gui_ctrl/build/lib/px4_gui_ctrl
[0.440s] copying px4_gui_ctrl/auto_painter.py -> /home/hk/capstone/control_code/build/px4_gui_ctrl/build/lib/px4_gui_ctrl
[0.440s] copying px4_gui_ctrl/__init__.py -> /home/hk/capstone/control_code/build/px4_gui_ctrl/build/lib/px4_gui_ctrl
[0.440s] running install
[0.440s] running install_lib
[0.440s] creating /home/hk/capstone/control_code/install/px4_gui_ctrl/lib/python3.10/site-packages/px4_gui_ctrl
[0.440s] copying /home/hk/capstone/control_code/build/px4_gui_ctrl/build/lib/px4_gui_ctrl/manual_controller.py -> /home/hk/capstone/control_code/install/px4_gui_ctrl/lib/python3.10/site-packages/px4_gui_ctrl
[0.440s] copying /home/hk/capstone/control_code/build/px4_gui_ctrl/build/lib/px4_gui_ctrl/gui_node.py -> /home/hk/capstone/control_code/install/px4_gui_ctrl/lib/python3.10/site-packages/px4_gui_ctrl
[0.440s] copying /home/hk/capstone/control_code/build/px4_gui_ctrl/build/lib/px4_gui_ctrl/drone_teleop.py -> /home/hk/capstone/control_code/install/px4_gui_ctrl/lib/python3.10/site-packages/px4_gui_ctrl
[0.440s] copying /home/hk/capstone/control_code/build/px4_gui_ctrl/build/lib/px4_gui_ctrl/auto_painter.py -> /home/hk/capstone/control_code/install/px4_gui_ctrl/lib/python3.10/site-packages/px4_gui_ctrl
[0.440s] copying /home/hk/capstone/control_code/build/px4_gui_ctrl/build/lib/px4_gui_ctrl/__init__.py -> /home/hk/capstone/control_code/install/px4_gui_ctrl/lib/python3.10/site-packages/px4_gui_ctrl
[0.440s] byte-compiling /home/hk/capstone/control_code/install/px4_gui_ctrl/lib/python3.10/site-packages/px4_gui_ctrl/manual_controller.py to manual_controller.cpython-310.pyc
[0.440s] byte-compiling /home/hk/capstone/control_code/install/px4_gui_ctrl/lib/python3.10/site-packages/px4_gui_ctrl/gui_node.py to gui_node.cpython-310.pyc
[0.441s] byte-compiling /home/hk/capstone/control_code/install/px4_gui_ctrl/lib/python3.10/site-packages/px4_gui_ctrl/drone_teleop.py to drone_teleop.cpython-310.pyc
[0.441s] byte-compiling /home/hk/capstone/control_code/install/px4_gui_ctrl/lib/python3.10/site-packages/px4_gui_ctrl/auto_painter.py to auto_painter.cpython-310.pyc
[0.442s] byte-compiling /home/hk/capstone/control_code/install/px4_gui_ctrl/lib/python3.10/site-packages/px4_gui_ctrl/__init__.py to __init__.cpython-310.pyc
[0.442s] running install_data
[0.442s] creating /home/hk/capstone/control_code/install/px4_gui_ctrl/share/ament_index
[0.442s] creating /home/hk/capstone/control_code/install/px4_gui_ctrl/share/ament_index/resource_index
[0.442s] creating /home/hk/capstone/control_code/install/px4_gui_ctrl/share/ament_index/resource_index/packages
[0.442s] copying resource/px4_gui_ctrl -> /home/hk/capstone/control_code/install/px4_gui_ctrl/share/ament_index/resource_index/packages
[0.442s] copying package.xml -> /home/hk/capstone/control_code/install/px4_gui_ctrl/share/px4_gui_ctrl
[0.442s] running install_egg_info
[0.443s] Copying ../../build/px4_gui_ctrl/px4_gui_ctrl.egg-info to /home/hk/capstone/control_code/install/px4_gui_ctrl/lib/python3.10/site-packages/px4_gui_ctrl-0.0.0-py3.10.egg-info
[0.443s] running install_scripts
[0.453s] Installing auto_painter_node script to /home/hk/capstone/control_code/install/px4_gui_ctrl/lib/px4_gui_ctrl
[0.453s] Installing drone_teleop_node script to /home/hk/capstone/control_code/install/px4_gui_ctrl/lib/px4_gui_ctrl
[0.453s] Installing gui_node script to /home/hk/capstone/control_code/install/px4_gui_ctrl/lib/px4_gui_ctrl
[0.453s] Installing manual_controller_node script to /home/hk/capstone/control_code/install/px4_gui_ctrl/lib/px4_gui_ctrl
[0.454s] writing list of installed files to '/home/hk/capstone/control_code/build/px4_gui_ctrl/install.log'
[0.464s] Invoked command in '/home/hk/capstone/control_code/src/px4_gui_ctrl' returned '0': AMENT_PREFIX_PATH=/home/hk/capstone/control_code/install/px4_msgs:${AMENT_PREFIX_PATH} CMAKE_PREFIX_PATH=/home/hk/capstone/control_code/install/px4_msgs:${CMAKE_PREFIX_PATH} LD_LIBRARY_PATH=/home/hk/capstone/control_code/install/px4_msgs/lib:${LD_LIBRARY_PATH} PYTHONPATH=/home/hk/capstone/control_code/build/px4_gui_ctrl/prefix_override:/usr/lib/python3/dist-packages/colcon_core/task/python/colcon_distutils_commands:/home/hk/capstone/control_code/install/px4_gui_ctrl/lib/python3.10/site-packages:/home/hk/capstone/control_code/install/px4_msgs/local/lib/python3.10/dist-packages:${PYTHONPATH} /usr/bin/python3 -W ignore:setup.py install is deprecated -W ignore:easy_install command is deprecated setup.py egg_info --egg-base ../../build/px4_gui_ctrl build --build-base /home/hk/capstone/control_code/build/px4_gui_ctrl/build install --record /home/hk/capstone/control_code/build/px4_gui_ctrl/install.log --single-version-externally-managed install_data
