[0.316s] Invoking command in '/home/hk/capstone/control_code/src/px4_gui_ctrl': AMENT_PREFIX_PATH=/home/hk/capstone/control_code/install/px4_msgs:${AMENT_PREFIX_PATH} CMAKE_PREFIX_PATH=/home/hk/capstone/control_code/install/px4_msgs:${CMAKE_PREFIX_PATH} LD_LIBRARY_PATH=/home/hk/capstone/control_code/install/px4_msgs/lib:${LD_LIBRARY_PATH} PYTHONPATH=/home/hk/capstone/control_code/build/px4_gui_ctrl/prefix_override:/usr/lib/python3/dist-packages/colcon_core/task/python/colcon_distutils_commands:/home/hk/capstone/control_code/install/px4_gui_ctrl/lib/python3.10/site-packages:/home/hk/capstone/control_code/install/px4_msgs/local/lib/python3.10/dist-packages:${PYTHONPATH} /usr/bin/python3 -W ignore:setup.py install is deprecated -W ignore:easy_install command is deprecated setup.py egg_info --egg-base ../../build/px4_gui_ctrl build --build-base /home/hk/capstone/control_code/build/px4_gui_ctrl/build install --record /home/hk/capstone/control_code/build/px4_gui_ctrl/install.log --single-version-externally-managed install_data
[0.433s] running egg_info
[0.433s] writing ../../build/px4_gui_ctrl/px4_gui_ctrl.egg-info/PKG-INFO
[0.434s] writing dependency_links to ../../build/px4_gui_ctrl/px4_gui_ctrl.egg-info/dependency_links.txt
[0.434s] writing entry points to ../../build/px4_gui_ctrl/px4_gui_ctrl.egg-info/entry_points.txt
[0.435s] writing requirements to ../../build/px4_gui_ctrl/px4_gui_ctrl.egg-info/requires.txt
[0.435s] writing top-level names to ../../build/px4_gui_ctrl/px4_gui_ctrl.egg-info/top_level.txt
[0.435s] reading manifest file '../../build/px4_gui_ctrl/px4_gui_ctrl.egg-info/SOURCES.txt'
[0.435s] writing manifest file '../../build/px4_gui_ctrl/px4_gui_ctrl.egg-info/SOURCES.txt'
[0.435s] running build
[0.435s] running build_py
[0.435s] running install
[0.436s] running install_lib
[0.436s] running install_data
[0.436s] running install_egg_info
[0.437s] removing '/home/hk/capstone/control_code/install/px4_gui_ctrl/lib/python3.10/site-packages/px4_gui_ctrl-0.0.0-py3.10.egg-info' (and everything under it)
[0.437s] Copying ../../build/px4_gui_ctrl/px4_gui_ctrl.egg-info to /home/hk/capstone/control_code/install/px4_gui_ctrl/lib/python3.10/site-packages/px4_gui_ctrl-0.0.0-py3.10.egg-info
[0.439s] running install_scripts
[0.447s] Installing auto_painter_node script to /home/hk/capstone/control_code/install/px4_gui_ctrl/lib/px4_gui_ctrl
[0.447s] Installing drone_teleop_node script to /home/hk/capstone/control_code/install/px4_gui_ctrl/lib/px4_gui_ctrl
[0.447s] Installing gui_node script to /home/hk/capstone/control_code/install/px4_gui_ctrl/lib/px4_gui_ctrl
[0.447s] Installing manual_controller_node script to /home/hk/capstone/control_code/install/px4_gui_ctrl/lib/px4_gui_ctrl
[0.447s] writing list of installed files to '/home/hk/capstone/control_code/build/px4_gui_ctrl/install.log'
[0.458s] Invoked command in '/home/hk/capstone/control_code/src/px4_gui_ctrl' returned '0': AMENT_PREFIX_PATH=/home/hk/capstone/control_code/install/px4_msgs:${AMENT_PREFIX_PATH} CMAKE_PREFIX_PATH=/home/hk/capstone/control_code/install/px4_msgs:${CMAKE_PREFIX_PATH} LD_LIBRARY_PATH=/home/hk/capstone/control_code/install/px4_msgs/lib:${LD_LIBRARY_PATH} PYTHONPATH=/home/hk/capstone/control_code/build/px4_gui_ctrl/prefix_override:/usr/lib/python3/dist-packages/colcon_core/task/python/colcon_distutils_commands:/home/hk/capstone/control_code/install/px4_gui_ctrl/lib/python3.10/site-packages:/home/hk/capstone/control_code/install/px4_msgs/local/lib/python3.10/dist-packages:${PYTHONPATH} /usr/bin/python3 -W ignore:setup.py install is deprecated -W ignore:easy_install command is deprecated setup.py egg_info --egg-base ../../build/px4_gui_ctrl build --build-base /home/hk/capstone/control_code/build/px4_gui_ctrl/build install --record /home/hk/capstone/control_code/build/px4_gui_ctrl/install.log --single-version-externally-managed install_data
