[0.049s] DEBUG:colcon:Command line arguments: ['/usr/bin/colcon', 'build']
[0.049s] DEBUG:colcon:Parsed command line arguments: Namespace(log_base=None, log_level=None, verb_name='build', build_base='build', install_base='install', merge_install=False, symlink_install=False, test_result_base=None, continue_on_error=False, executor='parallel', parallel_workers=20, event_handlers=None, ignore_user_meta=False, metas=['./colcon.meta'], base_paths=['.'], packages_ignore=None, packages_ignore_regex=None, paths=None, packages_up_to=None, packages_up_to_regex=None, packages_above=None, packages_above_and_dependencies=None, packages_above_depth=None, packages_select_by_dep=None, packages_skip_by_dep=None, packages_skip_up_to=None, packages_select_build_failed=False, packages_skip_build_finished=False, packages_select_test_failures=False, packages_skip_test_passed=False, packages_select=None, packages_skip=None, packages_select_regex=None, packages_skip_regex=None, packages_start=None, packages_end=None, allow_overriding=[], cmake_args=None, cmake_target=None, cmake_target_skip_unavailable=False, cmake_clean_cache=False, cmake_clean_first=False, cmake_force_configure=False, ament_cmake_args=None, catkin_cmake_args=None, catkin_skip_building_tests=False, mixin_files=None, mixin=None, verb_parser=<colcon_mixin.mixin.mixin_argument.MixinArgumentDecorator object at 0x73c2e4aa3b50>, verb_extension=<colcon_core.verb.build.BuildVerb object at 0x73c2e4aa34c0>, main=<bound method BuildVerb.main of <colcon_core.verb.build.BuildVerb object at 0x73c2e4aa34c0>>, mixin_verb=('build',))
[0.123s] Level 1:colcon.colcon_core.package_discovery:discover_packages(colcon_meta) check parameters
[0.123s] Level 1:colcon.colcon_core.package_discovery:discover_packages(recursive) check parameters
[0.123s] Level 1:colcon.colcon_core.package_discovery:discover_packages(ignore) check parameters
[0.123s] Level 1:colcon.colcon_core.package_discovery:discover_packages(path) check parameters
[0.123s] Level 1:colcon.colcon_core.package_discovery:discover_packages(colcon_meta) discover
[0.123s] Level 1:colcon.colcon_core.package_discovery:discover_packages(recursive) discover
[0.123s] INFO:colcon.colcon_core.package_discovery:Crawling recursively for packages in '/home/hk/capstone/control_code'
[0.123s] Level 1:colcon.colcon_core.package_identification:_identify(.) by extensions ['ignore', 'ignore_ament_install']
[0.123s] Level 1:colcon.colcon_core.package_identification:_identify(.) by extension 'ignore'
[0.123s] Level 1:colcon.colcon_core.package_identification:_identify(.) by extension 'ignore_ament_install'
[0.123s] Level 1:colcon.colcon_core.package_identification:_identify(.) by extensions ['colcon_pkg']
[0.123s] Level 1:colcon.colcon_core.package_identification:_identify(.) by extension 'colcon_pkg'
[0.123s] Level 1:colcon.colcon_core.package_identification:_identify(.) by extensions ['colcon_meta']
[0.123s] Level 1:colcon.colcon_core.package_identification:_identify(.) by extension 'colcon_meta'
[0.123s] Level 1:colcon.colcon_core.package_identification:_identify(.) by extensions ['ros']
[0.123s] Level 1:colcon.colcon_core.package_identification:_identify(.) by extension 'ros'
[0.132s] Level 1:colcon.colcon_core.package_identification:_identify(.) by extensions ['cmake', 'python']
[0.132s] Level 1:colcon.colcon_core.package_identification:_identify(.) by extension 'cmake'
[0.132s] Level 1:colcon.colcon_core.package_identification:_identify(.) by extension 'python'
[0.132s] Level 1:colcon.colcon_core.package_identification:_identify(.) by extensions ['python_setup_py']
[0.132s] Level 1:colcon.colcon_core.package_identification:_identify(.) by extension 'python_setup_py'
[0.132s] Level 1:colcon.colcon_core.package_identification:_identify(build) by extensions ['ignore', 'ignore_ament_install']
[0.132s] Level 1:colcon.colcon_core.package_identification:_identify(build) by extension 'ignore'
[0.132s] Level 1:colcon.colcon_core.package_identification:_identify(build) ignored
[0.132s] Level 1:colcon.colcon_core.package_identification:_identify(install) by extensions ['ignore', 'ignore_ament_install']
[0.132s] Level 1:colcon.colcon_core.package_identification:_identify(install) by extension 'ignore'
[0.132s] Level 1:colcon.colcon_core.package_identification:_identify(install) ignored
[0.132s] Level 1:colcon.colcon_core.package_identification:_identify(log) by extensions ['ignore', 'ignore_ament_install']
[0.132s] Level 1:colcon.colcon_core.package_identification:_identify(log) by extension 'ignore'
[0.132s] Level 1:colcon.colcon_core.package_identification:_identify(log) ignored
[0.132s] Level 1:colcon.colcon_core.package_identification:_identify(src) by extensions ['ignore', 'ignore_ament_install']
[0.132s] Level 1:colcon.colcon_core.package_identification:_identify(src) by extension 'ignore'
[0.132s] Level 1:colcon.colcon_core.package_identification:_identify(src) by extension 'ignore_ament_install'
[0.132s] Level 1:colcon.colcon_core.package_identification:_identify(src) by extensions ['colcon_pkg']
[0.132s] Level 1:colcon.colcon_core.package_identification:_identify(src) by extension 'colcon_pkg'
[0.132s] Level 1:colcon.colcon_core.package_identification:_identify(src) by extensions ['colcon_meta']
[0.132s] Level 1:colcon.colcon_core.package_identification:_identify(src) by extension 'colcon_meta'
[0.132s] Level 1:colcon.colcon_core.package_identification:_identify(src) by extensions ['ros']
[0.132s] Level 1:colcon.colcon_core.package_identification:_identify(src) by extension 'ros'
[0.132s] Level 1:colcon.colcon_core.package_identification:_identify(src) by extensions ['cmake', 'python']
[0.132s] Level 1:colcon.colcon_core.package_identification:_identify(src) by extension 'cmake'
[0.132s] Level 1:colcon.colcon_core.package_identification:_identify(src) by extension 'python'
[0.132s] Level 1:colcon.colcon_core.package_identification:_identify(src) by extensions ['python_setup_py']
[0.132s] Level 1:colcon.colcon_core.package_identification:_identify(src) by extension 'python_setup_py'
[0.132s] Level 1:colcon.colcon_core.package_identification:_identify(src/px4_gui_ctrl) by extensions ['ignore', 'ignore_ament_install']
[0.133s] Level 1:colcon.colcon_core.package_identification:_identify(src/px4_gui_ctrl) by extension 'ignore'
[0.133s] Level 1:colcon.colcon_core.package_identification:_identify(src/px4_gui_ctrl) by extension 'ignore_ament_install'
[0.133s] Level 1:colcon.colcon_core.package_identification:_identify(src/px4_gui_ctrl) by extensions ['colcon_pkg']
[0.133s] Level 1:colcon.colcon_core.package_identification:_identify(src/px4_gui_ctrl) by extension 'colcon_pkg'
[0.133s] Level 1:colcon.colcon_core.package_identification:_identify(src/px4_gui_ctrl) by extensions ['colcon_meta']
[0.133s] Level 1:colcon.colcon_core.package_identification:_identify(src/px4_gui_ctrl) by extension 'colcon_meta'
[0.133s] Level 1:colcon.colcon_core.package_identification:_identify(src/px4_gui_ctrl) by extensions ['ros']
[0.133s] Level 1:colcon.colcon_core.package_identification:_identify(src/px4_gui_ctrl) by extension 'ros'
[0.134s] DEBUG:colcon.colcon_core.package_identification:Package 'src/px4_gui_ctrl' with type 'ros.ament_python' and name 'px4_gui_ctrl'
[0.134s] Level 1:colcon.colcon_core.package_identification:_identify(src/px4_msgs) by extensions ['ignore', 'ignore_ament_install']
[0.134s] Level 1:colcon.colcon_core.package_identification:_identify(src/px4_msgs) by extension 'ignore'
[0.134s] Level 1:colcon.colcon_core.package_identification:_identify(src/px4_msgs) by extension 'ignore_ament_install'
[0.134s] Level 1:colcon.colcon_core.package_identification:_identify(src/px4_msgs) by extensions ['colcon_pkg']
[0.134s] Level 1:colcon.colcon_core.package_identification:_identify(src/px4_msgs) by extension 'colcon_pkg'
[0.134s] Level 1:colcon.colcon_core.package_identification:_identify(src/px4_msgs) by extensions ['colcon_meta']
[0.134s] Level 1:colcon.colcon_core.package_identification:_identify(src/px4_msgs) by extension 'colcon_meta'
[0.134s] Level 1:colcon.colcon_core.package_identification:_identify(src/px4_msgs) by extensions ['ros']
[0.134s] Level 1:colcon.colcon_core.package_identification:_identify(src/px4_msgs) by extension 'ros'
[0.134s] DEBUG:colcon.colcon_core.package_identification:Package 'src/px4_msgs' with type 'ros.ament_cmake' and name 'px4_msgs'
[0.134s] Level 1:colcon.colcon_core.package_identification:_identify(src/px4_offboard_ctrl) by extensions ['ignore', 'ignore_ament_install']
[0.134s] Level 1:colcon.colcon_core.package_identification:_identify(src/px4_offboard_ctrl) by extension 'ignore'
[0.134s] Level 1:colcon.colcon_core.package_identification:_identify(src/px4_offboard_ctrl) by extension 'ignore_ament_install'
[0.134s] Level 1:colcon.colcon_core.package_identification:_identify(src/px4_offboard_ctrl) by extensions ['colcon_pkg']
[0.134s] Level 1:colcon.colcon_core.package_identification:_identify(src/px4_offboard_ctrl) by extension 'colcon_pkg'
[0.134s] Level 1:colcon.colcon_core.package_identification:_identify(src/px4_offboard_ctrl) by extensions ['colcon_meta']
[0.134s] Level 1:colcon.colcon_core.package_identification:_identify(src/px4_offboard_ctrl) by extension 'colcon_meta'
[0.134s] Level 1:colcon.colcon_core.package_identification:_identify(src/px4_offboard_ctrl) by extensions ['ros']
[0.134s] Level 1:colcon.colcon_core.package_identification:_identify(src/px4_offboard_ctrl) by extension 'ros'
[0.135s] DEBUG:colcon.colcon_core.package_identification:Package 'src/px4_offboard_ctrl' with type 'ros.ament_cmake' and name 'px4_offboard_ctrl'
[0.135s] Level 1:colcon.colcon_core.package_discovery:discover_packages(recursive) using defaults
[0.135s] Level 1:colcon.colcon_core.package_discovery:discover_packages(ignore) discover
[0.135s] Level 1:colcon.colcon_core.package_discovery:discover_packages(ignore) using defaults
[0.135s] Level 1:colcon.colcon_core.package_discovery:discover_packages(path) discover
[0.135s] Level 1:colcon.colcon_core.package_discovery:discover_packages(path) using defaults
[0.144s] Level 1:colcon.colcon_core.package_discovery:discover_packages(prefix_path) check parameters
[0.144s] Level 1:colcon.colcon_core.package_discovery:discover_packages(prefix_path) discover
[0.145s] WARNING:colcon.colcon_ros.prefix_path.ament:The path '/home/hk/capstone/control_code/install/px4_offboard_ctrl' in the environment variable AMENT_PREFIX_PATH doesn't exist
[0.145s] WARNING:colcon.colcon_ros.prefix_path.ament:The path '/home/hk/capstone/control_code/install/px4_gui_ctrl' in the environment variable AMENT_PREFIX_PATH doesn't exist
[0.145s] WARNING:colcon.colcon_ros.prefix_path.catkin:The path '/home/hk/capstone/control_code/install/px4_offboard_ctrl' in the environment variable CMAKE_PREFIX_PATH doesn't exist
[0.145s] DEBUG:colcon.colcon_installed_package_information.package_discovery:Found 0 installed packages in /home/hk/capstone/control_code/install
[0.146s] DEBUG:colcon.colcon_installed_package_information.package_discovery:Found 34 installed packages in /home/hk/ros2_ws/install
[0.146s] DEBUG:colcon.colcon_installed_package_information.package_discovery:Found 19 installed packages in /home/hk/turtlebot3_ws/install
[0.146s] DEBUG:colcon.colcon_installed_package_information.package_discovery:Found 2 installed packages in /home/hk/turtlebot3_term_pj/install
[0.147s] DEBUG:colcon.colcon_installed_package_information.package_discovery:Found 433 installed packages in /opt/ros/humble
[0.148s] Level 1:colcon.colcon_core.package_discovery:discover_packages(prefix_path) using defaults
[0.168s] Level 5:colcon.colcon_core.verb:set package 'px4_msgs' build argument 'cmake_args' from command line to 'None'
[0.168s] Level 5:colcon.colcon_core.verb:set package 'px4_msgs' build argument 'cmake_target' from command line to 'None'
[0.168s] Level 5:colcon.colcon_core.verb:set package 'px4_msgs' build argument 'cmake_target_skip_unavailable' from command line to 'False'
[0.168s] Level 5:colcon.colcon_core.verb:set package 'px4_msgs' build argument 'cmake_clean_cache' from command line to 'False'
[0.168s] Level 5:colcon.colcon_core.verb:set package 'px4_msgs' build argument 'cmake_clean_first' from command line to 'False'
[0.168s] Level 5:colcon.colcon_core.verb:set package 'px4_msgs' build argument 'cmake_force_configure' from command line to 'False'
[0.168s] Level 5:colcon.colcon_core.verb:set package 'px4_msgs' build argument 'ament_cmake_args' from command line to 'None'
[0.168s] Level 5:colcon.colcon_core.verb:set package 'px4_msgs' build argument 'catkin_cmake_args' from command line to 'None'
[0.168s] Level 5:colcon.colcon_core.verb:set package 'px4_msgs' build argument 'catkin_skip_building_tests' from command line to 'False'
[0.168s] DEBUG:colcon.colcon_core.verb:Building package 'px4_msgs' with the following arguments: {'ament_cmake_args': None, 'build_base': '/home/hk/capstone/control_code/build/px4_msgs', 'catkin_cmake_args': None, 'catkin_skip_building_tests': False, 'cmake_args': None, 'cmake_clean_cache': False, 'cmake_clean_first': False, 'cmake_force_configure': False, 'cmake_target': None, 'cmake_target_skip_unavailable': False, 'install_base': '/home/hk/capstone/control_code/install/px4_msgs', 'merge_install': False, 'path': '/home/hk/capstone/control_code/src/px4_msgs', 'symlink_install': False, 'test_result_base': None}
[0.168s] Level 5:colcon.colcon_core.verb:set package 'px4_gui_ctrl' build argument 'cmake_args' from command line to 'None'
[0.168s] Level 5:colcon.colcon_core.verb:set package 'px4_gui_ctrl' build argument 'cmake_target' from command line to 'None'
[0.168s] Level 5:colcon.colcon_core.verb:set package 'px4_gui_ctrl' build argument 'cmake_target_skip_unavailable' from command line to 'False'
[0.168s] Level 5:colcon.colcon_core.verb:set package 'px4_gui_ctrl' build argument 'cmake_clean_cache' from command line to 'False'
[0.168s] Level 5:colcon.colcon_core.verb:set package 'px4_gui_ctrl' build argument 'cmake_clean_first' from command line to 'False'
[0.168s] Level 5:colcon.colcon_core.verb:set package 'px4_gui_ctrl' build argument 'cmake_force_configure' from command line to 'False'
[0.168s] Level 5:colcon.colcon_core.verb:set package 'px4_gui_ctrl' build argument 'ament_cmake_args' from command line to 'None'
[0.168s] Level 5:colcon.colcon_core.verb:set package 'px4_gui_ctrl' build argument 'catkin_cmake_args' from command line to 'None'
[0.168s] Level 5:colcon.colcon_core.verb:set package 'px4_gui_ctrl' build argument 'catkin_skip_building_tests' from command line to 'False'
[0.168s] DEBUG:colcon.colcon_core.verb:Building package 'px4_gui_ctrl' with the following arguments: {'ament_cmake_args': None, 'build_base': '/home/hk/capstone/control_code/build/px4_gui_ctrl', 'catkin_cmake_args': None, 'catkin_skip_building_tests': False, 'cmake_args': None, 'cmake_clean_cache': False, 'cmake_clean_first': False, 'cmake_force_configure': False, 'cmake_target': None, 'cmake_target_skip_unavailable': False, 'install_base': '/home/hk/capstone/control_code/install/px4_gui_ctrl', 'merge_install': False, 'path': '/home/hk/capstone/control_code/src/px4_gui_ctrl', 'symlink_install': False, 'test_result_base': None}
[0.168s] Level 5:colcon.colcon_core.verb:set package 'px4_offboard_ctrl' build argument 'cmake_args' from command line to 'None'
[0.168s] Level 5:colcon.colcon_core.verb:set package 'px4_offboard_ctrl' build argument 'cmake_target' from command line to 'None'
[0.168s] Level 5:colcon.colcon_core.verb:set package 'px4_offboard_ctrl' build argument 'cmake_target_skip_unavailable' from command line to 'False'
[0.168s] Level 5:colcon.colcon_core.verb:set package 'px4_offboard_ctrl' build argument 'cmake_clean_cache' from command line to 'False'
[0.168s] Level 5:colcon.colcon_core.verb:set package 'px4_offboard_ctrl' build argument 'cmake_clean_first' from command line to 'False'
[0.168s] Level 5:colcon.colcon_core.verb:set package 'px4_offboard_ctrl' build argument 'cmake_force_configure' from command line to 'False'
[0.168s] Level 5:colcon.colcon_core.verb:set package 'px4_offboard_ctrl' build argument 'ament_cmake_args' from command line to 'None'
[0.168s] Level 5:colcon.colcon_core.verb:set package 'px4_offboard_ctrl' build argument 'catkin_cmake_args' from command line to 'None'
[0.168s] Level 5:colcon.colcon_core.verb:set package 'px4_offboard_ctrl' build argument 'catkin_skip_building_tests' from command line to 'False'
[0.168s] DEBUG:colcon.colcon_core.verb:Building package 'px4_offboard_ctrl' with the following arguments: {'ament_cmake_args': None, 'build_base': '/home/hk/capstone/control_code/build/px4_offboard_ctrl', 'catkin_cmake_args': None, 'catkin_skip_building_tests': False, 'cmake_args': None, 'cmake_clean_cache': False, 'cmake_clean_first': False, 'cmake_force_configure': False, 'cmake_target': None, 'cmake_target_skip_unavailable': False, 'install_base': '/home/hk/capstone/control_code/install/px4_offboard_ctrl', 'merge_install': False, 'path': '/home/hk/capstone/control_code/src/px4_offboard_ctrl', 'symlink_install': False, 'test_result_base': None}
[0.168s] INFO:colcon.colcon_core.executor:Executing jobs using 'parallel' executor
[0.169s] DEBUG:colcon.colcon_parallel_executor.executor.parallel:run_until_complete
[0.169s] INFO:colcon.colcon_ros.task.ament_cmake.build:Building ROS package in '/home/hk/capstone/control_code/src/px4_msgs' with build type 'ament_cmake'
[0.169s] INFO:colcon.colcon_cmake.task.cmake.build:Building CMake package in '/home/hk/capstone/control_code/src/px4_msgs'
[0.171s] INFO:colcon.colcon_core.plugin_system:Skipping extension 'colcon_core.shell.bat': Not used on non-Windows systems
[0.171s] INFO:colcon.colcon_core.shell:Skip shell extension 'powershell' for command environment: Not usable outside of PowerShell
[0.171s] DEBUG:colcon.colcon_core.shell:Skip shell extension 'dsv' for command environment
[0.176s] DEBUG:colcon.colcon_core.event_handler.log_command:Invoking command in '/home/hk/capstone/control_code/build/px4_msgs': CMAKE_PREFIX_PATH=${CMAKE_PREFIX_PATH}:/home/hk/capstone/control_code/install/px4_gui_ctrl:/home/hk/ros2_ws/install/hope_pj:/home/hk/ros2_ws/install/ament_xmllint:/home/hk/ros2_ws/install/ament_uncrustify:/home/hk/ros2_ws/install/ament_pyflakes:/home/hk/ros2_ws/install/ament_pycodestyle:/home/hk/ros2_ws/install/ament_pep257:/home/hk/ros2_ws/install/ament_pclint:/home/hk/ros2_ws/install/ament_mypy:/home/hk/ros2_ws/install/ament_lint_cmake:/home/hk/ros2_ws/install/ament_flake8:/home/hk/ros2_ws/install/ament_copyright:/home/hk/ros2_ws/install/ament_lint:/home/hk/ros2_ws/install/ament_cpplint:/home/hk/ros2_ws/install/ament_cppcheck:/home/hk/ros2_ws/install/ament_clang_tidy:/home/hk/ros2_ws/install/ament_clang_format:/home/hk/turtlebot3_ws/install/turtlebot3_teleop:/home/hk/turtlebot3_ws/install/turtlebot3_example:/home/hk/turtlebot3_ws/install/turtlebot3_autorace_mission:/home/hk/turtlebot3_ws/install/turtlebot3_autorace_detect:/home/hk/turtlebot3_ws/install/turtlebot3_autorace_camera:/home/hk/turtlebot3_ws/install/dynamixel_sdk:/home/hk/turtlebot3_term_pj/install/turtlebot3_term_pj:/opt/ros/humble /usr/bin/cmake /home/hk/capstone/control_code/src/px4_msgs -DCMAKE_INSTALL_PREFIX=/home/hk/capstone/control_code/install/px4_msgs
[1.864s] DEBUG:colcon.colcon_core.event_handler.log_command:Invoked command in '/home/hk/capstone/control_code/build/px4_msgs' returned '0': CMAKE_PREFIX_PATH=${CMAKE_PREFIX_PATH}:/home/hk/capstone/control_code/install/px4_gui_ctrl:/home/hk/ros2_ws/install/hope_pj:/home/hk/ros2_ws/install/ament_xmllint:/home/hk/ros2_ws/install/ament_uncrustify:/home/hk/ros2_ws/install/ament_pyflakes:/home/hk/ros2_ws/install/ament_pycodestyle:/home/hk/ros2_ws/install/ament_pep257:/home/hk/ros2_ws/install/ament_pclint:/home/hk/ros2_ws/install/ament_mypy:/home/hk/ros2_ws/install/ament_lint_cmake:/home/hk/ros2_ws/install/ament_flake8:/home/hk/ros2_ws/install/ament_copyright:/home/hk/ros2_ws/install/ament_lint:/home/hk/ros2_ws/install/ament_cpplint:/home/hk/ros2_ws/install/ament_cppcheck:/home/hk/ros2_ws/install/ament_clang_tidy:/home/hk/ros2_ws/install/ament_clang_format:/home/hk/turtlebot3_ws/install/turtlebot3_teleop:/home/hk/turtlebot3_ws/install/turtlebot3_example:/home/hk/turtlebot3_ws/install/turtlebot3_autorace_mission:/home/hk/turtlebot3_ws/install/turtlebot3_autorace_detect:/home/hk/turtlebot3_ws/install/turtlebot3_autorace_camera:/home/hk/turtlebot3_ws/install/dynamixel_sdk:/home/hk/turtlebot3_term_pj/install/turtlebot3_term_pj:/opt/ros/humble /usr/bin/cmake /home/hk/capstone/control_code/src/px4_msgs -DCMAKE_INSTALL_PREFIX=/home/hk/capstone/control_code/install/px4_msgs
[1.864s] DEBUG:colcon.colcon_core.event_handler.log_command:Invoking command in '/home/hk/capstone/control_code/build/px4_msgs': CMAKE_PREFIX_PATH=${CMAKE_PREFIX_PATH}:/home/hk/capstone/control_code/install/px4_gui_ctrl:/home/hk/ros2_ws/install/hope_pj:/home/hk/ros2_ws/install/ament_xmllint:/home/hk/ros2_ws/install/ament_uncrustify:/home/hk/ros2_ws/install/ament_pyflakes:/home/hk/ros2_ws/install/ament_pycodestyle:/home/hk/ros2_ws/install/ament_pep257:/home/hk/ros2_ws/install/ament_pclint:/home/hk/ros2_ws/install/ament_mypy:/home/hk/ros2_ws/install/ament_lint_cmake:/home/hk/ros2_ws/install/ament_flake8:/home/hk/ros2_ws/install/ament_copyright:/home/hk/ros2_ws/install/ament_lint:/home/hk/ros2_ws/install/ament_cpplint:/home/hk/ros2_ws/install/ament_cppcheck:/home/hk/ros2_ws/install/ament_clang_tidy:/home/hk/ros2_ws/install/ament_clang_format:/home/hk/turtlebot3_ws/install/turtlebot3_teleop:/home/hk/turtlebot3_ws/install/turtlebot3_example:/home/hk/turtlebot3_ws/install/turtlebot3_autorace_mission:/home/hk/turtlebot3_ws/install/turtlebot3_autorace_detect:/home/hk/turtlebot3_ws/install/turtlebot3_autorace_camera:/home/hk/turtlebot3_ws/install/dynamixel_sdk:/home/hk/turtlebot3_term_pj/install/turtlebot3_term_pj:/opt/ros/humble /usr/bin/cmake --build /home/hk/capstone/control_code/build/px4_msgs -- -j20 -l20
[63.426s] DEBUG:colcon.colcon_core.event_handler.log_command:Invoked command in '/home/hk/capstone/control_code/build/px4_msgs' returned '0': CMAKE_PREFIX_PATH=${CMAKE_PREFIX_PATH}:/home/hk/capstone/control_code/install/px4_gui_ctrl:/home/hk/ros2_ws/install/hope_pj:/home/hk/ros2_ws/install/ament_xmllint:/home/hk/ros2_ws/install/ament_uncrustify:/home/hk/ros2_ws/install/ament_pyflakes:/home/hk/ros2_ws/install/ament_pycodestyle:/home/hk/ros2_ws/install/ament_pep257:/home/hk/ros2_ws/install/ament_pclint:/home/hk/ros2_ws/install/ament_mypy:/home/hk/ros2_ws/install/ament_lint_cmake:/home/hk/ros2_ws/install/ament_flake8:/home/hk/ros2_ws/install/ament_copyright:/home/hk/ros2_ws/install/ament_lint:/home/hk/ros2_ws/install/ament_cpplint:/home/hk/ros2_ws/install/ament_cppcheck:/home/hk/ros2_ws/install/ament_clang_tidy:/home/hk/ros2_ws/install/ament_clang_format:/home/hk/turtlebot3_ws/install/turtlebot3_teleop:/home/hk/turtlebot3_ws/install/turtlebot3_example:/home/hk/turtlebot3_ws/install/turtlebot3_autorace_mission:/home/hk/turtlebot3_ws/install/turtlebot3_autorace_detect:/home/hk/turtlebot3_ws/install/turtlebot3_autorace_camera:/home/hk/turtlebot3_ws/install/dynamixel_sdk:/home/hk/turtlebot3_term_pj/install/turtlebot3_term_pj:/opt/ros/humble /usr/bin/cmake --build /home/hk/capstone/control_code/build/px4_msgs -- -j20 -l20
[63.429s] DEBUG:colcon.colcon_core.event_handler.log_command:Invoking command in '/home/hk/capstone/control_code/build/px4_msgs': CMAKE_PREFIX_PATH=${CMAKE_PREFIX_PATH}:/home/hk/capstone/control_code/install/px4_gui_ctrl:/home/hk/ros2_ws/install/hope_pj:/home/hk/ros2_ws/install/ament_xmllint:/home/hk/ros2_ws/install/ament_uncrustify:/home/hk/ros2_ws/install/ament_pyflakes:/home/hk/ros2_ws/install/ament_pycodestyle:/home/hk/ros2_ws/install/ament_pep257:/home/hk/ros2_ws/install/ament_pclint:/home/hk/ros2_ws/install/ament_mypy:/home/hk/ros2_ws/install/ament_lint_cmake:/home/hk/ros2_ws/install/ament_flake8:/home/hk/ros2_ws/install/ament_copyright:/home/hk/ros2_ws/install/ament_lint:/home/hk/ros2_ws/install/ament_cpplint:/home/hk/ros2_ws/install/ament_cppcheck:/home/hk/ros2_ws/install/ament_clang_tidy:/home/hk/ros2_ws/install/ament_clang_format:/home/hk/turtlebot3_ws/install/turtlebot3_teleop:/home/hk/turtlebot3_ws/install/turtlebot3_example:/home/hk/turtlebot3_ws/install/turtlebot3_autorace_mission:/home/hk/turtlebot3_ws/install/turtlebot3_autorace_detect:/home/hk/turtlebot3_ws/install/turtlebot3_autorace_camera:/home/hk/turtlebot3_ws/install/dynamixel_sdk:/home/hk/turtlebot3_term_pj/install/turtlebot3_term_pj:/opt/ros/humble /usr/bin/cmake --install /home/hk/capstone/control_code/build/px4_msgs
[63.880s] Level 1:colcon.colcon_core.environment:create_environment_scripts_only(px4_msgs)
[63.881s] DEBUG:colcon.colcon_core.event_handler.log_command:Invoked command in '/home/hk/capstone/control_code/build/px4_msgs' returned '0': CMAKE_PREFIX_PATH=${CMAKE_PREFIX_PATH}:/home/hk/capstone/control_code/install/px4_gui_ctrl:/home/hk/ros2_ws/install/hope_pj:/home/hk/ros2_ws/install/ament_xmllint:/home/hk/ros2_ws/install/ament_uncrustify:/home/hk/ros2_ws/install/ament_pyflakes:/home/hk/ros2_ws/install/ament_pycodestyle:/home/hk/ros2_ws/install/ament_pep257:/home/hk/ros2_ws/install/ament_pclint:/home/hk/ros2_ws/install/ament_mypy:/home/hk/ros2_ws/install/ament_lint_cmake:/home/hk/ros2_ws/install/ament_flake8:/home/hk/ros2_ws/install/ament_copyright:/home/hk/ros2_ws/install/ament_lint:/home/hk/ros2_ws/install/ament_cpplint:/home/hk/ros2_ws/install/ament_cppcheck:/home/hk/ros2_ws/install/ament_clang_tidy:/home/hk/ros2_ws/install/ament_clang_format:/home/hk/turtlebot3_ws/install/turtlebot3_teleop:/home/hk/turtlebot3_ws/install/turtlebot3_example:/home/hk/turtlebot3_ws/install/turtlebot3_autorace_mission:/home/hk/turtlebot3_ws/install/turtlebot3_autorace_detect:/home/hk/turtlebot3_ws/install/turtlebot3_autorace_camera:/home/hk/turtlebot3_ws/install/dynamixel_sdk:/home/hk/turtlebot3_term_pj/install/turtlebot3_term_pj:/opt/ros/humble /usr/bin/cmake --install /home/hk/capstone/control_code/build/px4_msgs
[63.882s] Level 1:colcon.colcon_core.environment:checking '/home/hk/capstone/control_code/install/px4_msgs' for CMake module files
[63.882s] Level 1:colcon.colcon_core.environment:checking '/home/hk/capstone/control_code/install/px4_msgs' for CMake config files
[63.883s] Level 1:colcon.colcon_core.shell:create_environment_hook('px4_msgs', 'cmake_prefix_path')
[63.883s] INFO:colcon.colcon_core.shell:Creating environment hook '/home/hk/capstone/control_code/install/px4_msgs/share/px4_msgs/hook/cmake_prefix_path.ps1'
[63.883s] INFO:colcon.colcon_core.shell:Creating environment descriptor '/home/hk/capstone/control_code/install/px4_msgs/share/px4_msgs/hook/cmake_prefix_path.dsv'
[63.883s] INFO:colcon.colcon_core.shell:Creating environment hook '/home/hk/capstone/control_code/install/px4_msgs/share/px4_msgs/hook/cmake_prefix_path.sh'
[63.883s] Level 1:colcon.colcon_core.environment:checking '/home/hk/capstone/control_code/install/px4_msgs/lib'
[63.883s] Level 1:colcon.colcon_core.shell:create_environment_hook('px4_msgs', 'ld_library_path_lib')
[63.884s] INFO:colcon.colcon_core.shell:Creating environment hook '/home/hk/capstone/control_code/install/px4_msgs/share/px4_msgs/hook/ld_library_path_lib.ps1'
[63.884s] INFO:colcon.colcon_core.shell:Creating environment descriptor '/home/hk/capstone/control_code/install/px4_msgs/share/px4_msgs/hook/ld_library_path_lib.dsv'
[63.884s] INFO:colcon.colcon_core.shell:Creating environment hook '/home/hk/capstone/control_code/install/px4_msgs/share/px4_msgs/hook/ld_library_path_lib.sh'
[63.884s] Level 1:colcon.colcon_core.environment:checking '/home/hk/capstone/control_code/install/px4_msgs/bin'
[63.884s] Level 1:colcon.colcon_core.environment:checking '/home/hk/capstone/control_code/install/px4_msgs/lib/pkgconfig/px4_msgs.pc'
[63.884s] Level 1:colcon.colcon_core.environment:checking '/home/hk/capstone/control_code/install/px4_msgs/lib/python3.10/site-packages'
[63.884s] Level 1:colcon.colcon_core.environment:checking '/home/hk/capstone/control_code/install/px4_msgs/bin'
[63.884s] INFO:colcon.colcon_core.shell:Creating package script '/home/hk/capstone/control_code/install/px4_msgs/share/px4_msgs/package.ps1'
[63.885s] INFO:colcon.colcon_core.shell:Creating package descriptor '/home/hk/capstone/control_code/install/px4_msgs/share/px4_msgs/package.dsv'
[63.885s] INFO:colcon.colcon_core.shell:Creating package script '/home/hk/capstone/control_code/install/px4_msgs/share/px4_msgs/package.sh'
[63.885s] INFO:colcon.colcon_core.shell:Creating package script '/home/hk/capstone/control_code/install/px4_msgs/share/px4_msgs/package.bash'
[63.885s] INFO:colcon.colcon_core.shell:Creating package script '/home/hk/capstone/control_code/install/px4_msgs/share/px4_msgs/package.zsh'
[63.886s] Level 1:colcon.colcon_core.environment:create_file_with_runtime_dependencies(/home/hk/capstone/control_code/install/px4_msgs/share/colcon-core/packages/px4_msgs)
[63.886s] Level 1:colcon.colcon_core.environment:create_environment_scripts_only(px4_msgs)
[63.886s] Level 1:colcon.colcon_core.environment:checking '/home/hk/capstone/control_code/install/px4_msgs' for CMake module files
[63.886s] Level 1:colcon.colcon_core.environment:checking '/home/hk/capstone/control_code/install/px4_msgs' for CMake config files
[63.886s] Level 1:colcon.colcon_core.shell:create_environment_hook('px4_msgs', 'cmake_prefix_path')
[63.886s] INFO:colcon.colcon_core.shell:Creating environment hook '/home/hk/capstone/control_code/install/px4_msgs/share/px4_msgs/hook/cmake_prefix_path.ps1'
[63.887s] INFO:colcon.colcon_core.shell:Creating environment descriptor '/home/hk/capstone/control_code/install/px4_msgs/share/px4_msgs/hook/cmake_prefix_path.dsv'
[63.887s] INFO:colcon.colcon_core.shell:Creating environment hook '/home/hk/capstone/control_code/install/px4_msgs/share/px4_msgs/hook/cmake_prefix_path.sh'
[63.887s] Level 1:colcon.colcon_core.environment:checking '/home/hk/capstone/control_code/install/px4_msgs/lib'
[63.887s] Level 1:colcon.colcon_core.shell:create_environment_hook('px4_msgs', 'ld_library_path_lib')
[63.887s] INFO:colcon.colcon_core.shell:Creating environment hook '/home/hk/capstone/control_code/install/px4_msgs/share/px4_msgs/hook/ld_library_path_lib.ps1'
[63.887s] INFO:colcon.colcon_core.shell:Creating environment descriptor '/home/hk/capstone/control_code/install/px4_msgs/share/px4_msgs/hook/ld_library_path_lib.dsv'
[63.887s] INFO:colcon.colcon_core.shell:Creating environment hook '/home/hk/capstone/control_code/install/px4_msgs/share/px4_msgs/hook/ld_library_path_lib.sh'
[63.887s] Level 1:colcon.colcon_core.environment:checking '/home/hk/capstone/control_code/install/px4_msgs/bin'
[63.887s] Level 1:colcon.colcon_core.environment:checking '/home/hk/capstone/control_code/install/px4_msgs/lib/pkgconfig/px4_msgs.pc'
[63.888s] Level 1:colcon.colcon_core.environment:checking '/home/hk/capstone/control_code/install/px4_msgs/lib/python3.10/site-packages'
[63.888s] Level 1:colcon.colcon_core.environment:checking '/home/hk/capstone/control_code/install/px4_msgs/bin'
[63.888s] INFO:colcon.colcon_core.shell:Creating package script '/home/hk/capstone/control_code/install/px4_msgs/share/px4_msgs/package.ps1'
[63.888s] INFO:colcon.colcon_core.shell:Creating package descriptor '/home/hk/capstone/control_code/install/px4_msgs/share/px4_msgs/package.dsv'
[63.892s] INFO:colcon.colcon_core.shell:Creating package script '/home/hk/capstone/control_code/install/px4_msgs/share/px4_msgs/package.sh'
[63.892s] INFO:colcon.colcon_core.shell:Creating package script '/home/hk/capstone/control_code/install/px4_msgs/share/px4_msgs/package.bash'
[63.892s] INFO:colcon.colcon_core.shell:Creating package script '/home/hk/capstone/control_code/install/px4_msgs/share/px4_msgs/package.zsh'
[63.893s] Level 1:colcon.colcon_core.environment:create_file_with_runtime_dependencies(/home/hk/capstone/control_code/install/px4_msgs/share/colcon-core/packages/px4_msgs)
[63.893s] INFO:colcon.colcon_ros.task.ament_python.build:Building ROS package in '/home/hk/capstone/control_code/src/px4_gui_ctrl' with build type 'ament_python'
[63.893s] Level 1:colcon.colcon_core.shell:create_environment_hook('px4_gui_ctrl', 'ament_prefix_path')
[63.893s] INFO:colcon.colcon_core.shell:Creating environment hook '/home/hk/capstone/control_code/install/px4_gui_ctrl/share/px4_gui_ctrl/hook/ament_prefix_path.ps1'
[63.893s] INFO:colcon.colcon_core.shell:Creating environment descriptor '/home/hk/capstone/control_code/install/px4_gui_ctrl/share/px4_gui_ctrl/hook/ament_prefix_path.dsv'
[63.893s] INFO:colcon.colcon_core.shell:Creating environment hook '/home/hk/capstone/control_code/install/px4_gui_ctrl/share/px4_gui_ctrl/hook/ament_prefix_path.sh'
[63.894s] INFO:colcon.colcon_core.shell:Skip shell extension 'powershell' for command environment: Not usable outside of PowerShell
[63.894s] DEBUG:colcon.colcon_core.shell:Skip shell extension 'dsv' for command environment
[63.896s] INFO:colcon.colcon_ros.task.ament_cmake.build:Building ROS package in '/home/hk/capstone/control_code/src/px4_offboard_ctrl' with build type 'ament_cmake'
[63.897s] INFO:colcon.colcon_cmake.task.cmake.build:Building CMake package in '/home/hk/capstone/control_code/src/px4_offboard_ctrl'
[63.897s] INFO:colcon.colcon_core.shell:Skip shell extension 'powershell' for command environment: Not usable outside of PowerShell
[63.897s] DEBUG:colcon.colcon_core.shell:Skip shell extension 'dsv' for command environment
[64.025s] INFO:colcon.colcon_core.task.python.build:Building Python package in '/home/hk/capstone/control_code/src/px4_gui_ctrl'
[64.026s] INFO:colcon.colcon_core.shell:Skip shell extension 'powershell' for command environment: Not usable outside of PowerShell
[64.026s] DEBUG:colcon.colcon_core.shell:Skip shell extension 'dsv' for command environment
[64.031s] DEBUG:colcon.colcon_core.event_handler.log_command:Invoking command in '/home/hk/capstone/control_code/build/px4_offboard_ctrl': AMENT_PREFIX_PATH=/home/hk/capstone/control_code/install/px4_msgs:${AMENT_PREFIX_PATH} CMAKE_PREFIX_PATH=/home/hk/capstone/control_code/install/px4_msgs:/home/hk/capstone/control_code/install/px4_offboard_ctrl:/home/hk/ros2_ws/install/robot_programming_hw:/home/hk/ros2_ws/install/px4_msgs:/home/hk/ros2_ws/install/ament_lint_common:/home/hk/ros2_ws/install/ament_cmake_xmllint:/home/hk/ros2_ws/install/ament_cmake_uncrustify:/home/hk/ros2_ws/install/ament_cmake_pyflakes:/home/hk/ros2_ws/install/ament_cmake_pycodestyle:/home/hk/ros2_ws/install/ament_cmake_pep257:/home/hk/ros2_ws/install/ament_cmake_pclint:/home/hk/ros2_ws/install/ament_cmake_mypy:/home/hk/ros2_ws/install/ament_cmake_lint_cmake:/home/hk/ros2_ws/install/ament_lint_auto:/home/hk/ros2_ws/install/ament_cmake_flake8:/home/hk/ros2_ws/install/ament_cmake_copyright:/home/hk/ros2_ws/install/ament_cmake_cpplint:/home/hk/ros2_ws/install/ament_cmake_cppcheck:/home/hk/ros2_ws/install/ament_cmake_clang_tidy:/home/hk/ros2_ws/install/ament_cmake_clang_format:/home/hk/turtlebot3_ws/install/turtlebot3:/home/hk/turtlebot3_ws/install/turtlebot3_simulations:/home/hk/turtlebot3_ws/install/turtlebot3_bringup:/home/hk/turtlebot3_ws/install/turtlebot3_node:/home/hk/turtlebot3_ws/install/turtlebot3_navigation2:/home/hk/turtlebot3_ws/install/turtlebot3_fake_node:/home/hk/turtlebot3_ws/install/turtlebot3_msgs:/home/hk/turtlebot3_ws/install/turtlebot3_gazebo:/home/hk/turtlebot3_ws/install/turtlebot3_description:/home/hk/turtlebot3_ws/install/turtlebot3_cartographer:/home/hk/turtlebot3_ws/install/turtlebot3_autorace:/home/hk/turtlebot3_ws/install/dynamixel_sdk_examples:/home/hk/turtlebot3_ws/install/dynamixel_sdk_custom_interfaces:/home/hk/turtlebot3_term_pj/install/turtlebot3_term_pj_interfaces:/home/hk/capstone/control_code/install/px4_gui_ctrl:/home/hk/ros2_ws/install/hope_pj:/home/hk/ros2_ws/install/ament_xmllint:/home/hk/ros2_ws/install/ament_uncrustify:/home/hk/ros2_ws/install/ament_pyflakes:/home/hk/ros2_ws/install/ament_pycodestyle:/home/hk/ros2_ws/install/ament_pep257:/home/hk/ros2_ws/install/ament_pclint:/home/hk/ros2_ws/install/ament_mypy:/home/hk/ros2_ws/install/ament_lint_cmake:/home/hk/ros2_ws/install/ament_flake8:/home/hk/ros2_ws/install/ament_copyright:/home/hk/ros2_ws/install/ament_lint:/home/hk/ros2_ws/install/ament_cpplint:/home/hk/ros2_ws/install/ament_cppcheck:/home/hk/ros2_ws/install/ament_clang_tidy:/home/hk/ros2_ws/install/ament_clang_format:/home/hk/turtlebot3_ws/install/turtlebot3_teleop:/home/hk/turtlebot3_ws/install/turtlebot3_example:/home/hk/turtlebot3_ws/install/turtlebot3_autorace_mission:/home/hk/turtlebot3_ws/install/turtlebot3_autorace_detect:/home/hk/turtlebot3_ws/install/turtlebot3_autorace_camera:/home/hk/turtlebot3_ws/install/dynamixel_sdk:/home/hk/turtlebot3_term_pj/install/turtlebot3_term_pj:/opt/ros/humble LD_LIBRARY_PATH=/home/hk/capstone/control_code/install/px4_msgs/lib:${LD_LIBRARY_PATH} PYTHONPATH=/home/hk/capstone/control_code/install/px4_msgs/local/lib/python3.10/dist-packages:${PYTHONPATH} /usr/bin/cmake /home/hk/capstone/control_code/src/px4_offboard_ctrl -DCMAKE_INSTALL_PREFIX=/home/hk/capstone/control_code/install/px4_offboard_ctrl
[64.211s] DEBUG:colcon.colcon_core.event_handler.log_command:Invoking command in '/home/hk/capstone/control_code/src/px4_gui_ctrl': AMENT_PREFIX_PATH=/home/hk/capstone/control_code/install/px4_msgs:${AMENT_PREFIX_PATH} CMAKE_PREFIX_PATH=/home/hk/capstone/control_code/install/px4_msgs:${CMAKE_PREFIX_PATH} LD_LIBRARY_PATH=/home/hk/capstone/control_code/install/px4_msgs/lib:${LD_LIBRARY_PATH} PYTHONPATH=/home/hk/capstone/control_code/build/px4_gui_ctrl/prefix_override:/usr/lib/python3/dist-packages/colcon_core/task/python/colcon_distutils_commands:/home/hk/capstone/control_code/install/px4_gui_ctrl/lib/python3.10/site-packages:/home/hk/capstone/control_code/install/px4_msgs/local/lib/python3.10/dist-packages:${PYTHONPATH} /usr/bin/python3 -W ignore:setup.py install is deprecated -W ignore:easy_install command is deprecated setup.py egg_info --egg-base ../../build/px4_gui_ctrl build --build-base /home/hk/capstone/control_code/build/px4_gui_ctrl/build install --record /home/hk/capstone/control_code/build/px4_gui_ctrl/install.log --single-version-externally-managed install_data
[64.357s] Level 1:colcon.colcon_core.environment:checking '/home/hk/capstone/control_code/install/px4_gui_ctrl' for CMake module files
[64.358s] DEBUG:colcon.colcon_core.event_handler.log_command:Invoked command in '/home/hk/capstone/control_code/src/px4_gui_ctrl' returned '0': AMENT_PREFIX_PATH=/home/hk/capstone/control_code/install/px4_msgs:${AMENT_PREFIX_PATH} CMAKE_PREFIX_PATH=/home/hk/capstone/control_code/install/px4_msgs:${CMAKE_PREFIX_PATH} LD_LIBRARY_PATH=/home/hk/capstone/control_code/install/px4_msgs/lib:${LD_LIBRARY_PATH} PYTHONPATH=/home/hk/capstone/control_code/build/px4_gui_ctrl/prefix_override:/usr/lib/python3/dist-packages/colcon_core/task/python/colcon_distutils_commands:/home/hk/capstone/control_code/install/px4_gui_ctrl/lib/python3.10/site-packages:/home/hk/capstone/control_code/install/px4_msgs/local/lib/python3.10/dist-packages:${PYTHONPATH} /usr/bin/python3 -W ignore:setup.py install is deprecated -W ignore:easy_install command is deprecated setup.py egg_info --egg-base ../../build/px4_gui_ctrl build --build-base /home/hk/capstone/control_code/build/px4_gui_ctrl/build install --record /home/hk/capstone/control_code/build/px4_gui_ctrl/install.log --single-version-externally-managed install_data
[64.358s] Level 1:colcon.colcon_core.environment:checking '/home/hk/capstone/control_code/install/px4_gui_ctrl' for CMake config files
[64.358s] Level 1:colcon.colcon_core.environment:checking '/home/hk/capstone/control_code/install/px4_gui_ctrl/lib'
[64.358s] Level 1:colcon.colcon_core.environment:checking '/home/hk/capstone/control_code/install/px4_gui_ctrl/bin'
[64.358s] Level 1:colcon.colcon_core.environment:checking '/home/hk/capstone/control_code/install/px4_gui_ctrl/lib/pkgconfig/px4_gui_ctrl.pc'
[64.358s] Level 1:colcon.colcon_core.environment:checking '/home/hk/capstone/control_code/install/px4_gui_ctrl/lib/python3.10/site-packages'
[64.358s] Level 1:colcon.colcon_core.shell:create_environment_hook('px4_gui_ctrl', 'pythonpath')
[64.358s] INFO:colcon.colcon_core.shell:Creating environment hook '/home/hk/capstone/control_code/install/px4_gui_ctrl/share/px4_gui_ctrl/hook/pythonpath.ps1'
[64.359s] INFO:colcon.colcon_core.shell:Creating environment descriptor '/home/hk/capstone/control_code/install/px4_gui_ctrl/share/px4_gui_ctrl/hook/pythonpath.dsv'
[64.359s] INFO:colcon.colcon_core.shell:Creating environment hook '/home/hk/capstone/control_code/install/px4_gui_ctrl/share/px4_gui_ctrl/hook/pythonpath.sh'
[64.359s] Level 1:colcon.colcon_core.environment:checking '/home/hk/capstone/control_code/install/px4_gui_ctrl/bin'
[64.359s] Level 1:colcon.colcon_core.environment:create_environment_scripts_only(px4_gui_ctrl)
[64.359s] INFO:colcon.colcon_core.shell:Creating package script '/home/hk/capstone/control_code/install/px4_gui_ctrl/share/px4_gui_ctrl/package.ps1'
[64.359s] INFO:colcon.colcon_core.shell:Creating package descriptor '/home/hk/capstone/control_code/install/px4_gui_ctrl/share/px4_gui_ctrl/package.dsv'
[64.360s] INFO:colcon.colcon_core.shell:Creating package script '/home/hk/capstone/control_code/install/px4_gui_ctrl/share/px4_gui_ctrl/package.sh'
[64.360s] INFO:colcon.colcon_core.shell:Creating package script '/home/hk/capstone/control_code/install/px4_gui_ctrl/share/px4_gui_ctrl/package.bash'
[64.360s] INFO:colcon.colcon_core.shell:Creating package script '/home/hk/capstone/control_code/install/px4_gui_ctrl/share/px4_gui_ctrl/package.zsh'
[64.360s] Level 1:colcon.colcon_core.environment:create_file_with_runtime_dependencies(/home/hk/capstone/control_code/install/px4_gui_ctrl/share/colcon-core/packages/px4_gui_ctrl)
[64.753s] DEBUG:colcon.colcon_core.event_handler.log_command:Invoked command in '/home/hk/capstone/control_code/build/px4_offboard_ctrl' returned '0': AMENT_PREFIX_PATH=/home/hk/capstone/control_code/install/px4_msgs:${AMENT_PREFIX_PATH} CMAKE_PREFIX_PATH=/home/hk/capstone/control_code/install/px4_msgs:/home/hk/capstone/control_code/install/px4_offboard_ctrl:/home/hk/ros2_ws/install/robot_programming_hw:/home/hk/ros2_ws/install/px4_msgs:/home/hk/ros2_ws/install/ament_lint_common:/home/hk/ros2_ws/install/ament_cmake_xmllint:/home/hk/ros2_ws/install/ament_cmake_uncrustify:/home/hk/ros2_ws/install/ament_cmake_pyflakes:/home/hk/ros2_ws/install/ament_cmake_pycodestyle:/home/hk/ros2_ws/install/ament_cmake_pep257:/home/hk/ros2_ws/install/ament_cmake_pclint:/home/hk/ros2_ws/install/ament_cmake_mypy:/home/hk/ros2_ws/install/ament_cmake_lint_cmake:/home/hk/ros2_ws/install/ament_lint_auto:/home/hk/ros2_ws/install/ament_cmake_flake8:/home/hk/ros2_ws/install/ament_cmake_copyright:/home/hk/ros2_ws/install/ament_cmake_cpplint:/home/hk/ros2_ws/install/ament_cmake_cppcheck:/home/hk/ros2_ws/install/ament_cmake_clang_tidy:/home/hk/ros2_ws/install/ament_cmake_clang_format:/home/hk/turtlebot3_ws/install/turtlebot3:/home/hk/turtlebot3_ws/install/turtlebot3_simulations:/home/hk/turtlebot3_ws/install/turtlebot3_bringup:/home/hk/turtlebot3_ws/install/turtlebot3_node:/home/hk/turtlebot3_ws/install/turtlebot3_navigation2:/home/hk/turtlebot3_ws/install/turtlebot3_fake_node:/home/hk/turtlebot3_ws/install/turtlebot3_msgs:/home/hk/turtlebot3_ws/install/turtlebot3_gazebo:/home/hk/turtlebot3_ws/install/turtlebot3_description:/home/hk/turtlebot3_ws/install/turtlebot3_cartographer:/home/hk/turtlebot3_ws/install/turtlebot3_autorace:/home/hk/turtlebot3_ws/install/dynamixel_sdk_examples:/home/hk/turtlebot3_ws/install/dynamixel_sdk_custom_interfaces:/home/hk/turtlebot3_term_pj/install/turtlebot3_term_pj_interfaces:/home/hk/capstone/control_code/install/px4_gui_ctrl:/home/hk/ros2_ws/install/hope_pj:/home/hk/ros2_ws/install/ament_xmllint:/home/hk/ros2_ws/install/ament_uncrustify:/home/hk/ros2_ws/install/ament_pyflakes:/home/hk/ros2_ws/install/ament_pycodestyle:/home/hk/ros2_ws/install/ament_pep257:/home/hk/ros2_ws/install/ament_pclint:/home/hk/ros2_ws/install/ament_mypy:/home/hk/ros2_ws/install/ament_lint_cmake:/home/hk/ros2_ws/install/ament_flake8:/home/hk/ros2_ws/install/ament_copyright:/home/hk/ros2_ws/install/ament_lint:/home/hk/ros2_ws/install/ament_cpplint:/home/hk/ros2_ws/install/ament_cppcheck:/home/hk/ros2_ws/install/ament_clang_tidy:/home/hk/ros2_ws/install/ament_clang_format:/home/hk/turtlebot3_ws/install/turtlebot3_teleop:/home/hk/turtlebot3_ws/install/turtlebot3_example:/home/hk/turtlebot3_ws/install/turtlebot3_autorace_mission:/home/hk/turtlebot3_ws/install/turtlebot3_autorace_detect:/home/hk/turtlebot3_ws/install/turtlebot3_autorace_camera:/home/hk/turtlebot3_ws/install/dynamixel_sdk:/home/hk/turtlebot3_term_pj/install/turtlebot3_term_pj:/opt/ros/humble LD_LIBRARY_PATH=/home/hk/capstone/control_code/install/px4_msgs/lib:${LD_LIBRARY_PATH} PYTHONPATH=/home/hk/capstone/control_code/install/px4_msgs/local/lib/python3.10/dist-packages:${PYTHONPATH} /usr/bin/cmake /home/hk/capstone/control_code/src/px4_offboard_ctrl -DCMAKE_INSTALL_PREFIX=/home/hk/capstone/control_code/install/px4_offboard_ctrl
[64.753s] DEBUG:colcon.colcon_core.event_handler.log_command:Invoking command in '/home/hk/capstone/control_code/build/px4_offboard_ctrl': AMENT_PREFIX_PATH=/home/hk/capstone/control_code/install/px4_msgs:${AMENT_PREFIX_PATH} CMAKE_PREFIX_PATH=/home/hk/capstone/control_code/install/px4_msgs:/home/hk/capstone/control_code/install/px4_offboard_ctrl:/home/hk/ros2_ws/install/robot_programming_hw:/home/hk/ros2_ws/install/px4_msgs:/home/hk/ros2_ws/install/ament_lint_common:/home/hk/ros2_ws/install/ament_cmake_xmllint:/home/hk/ros2_ws/install/ament_cmake_uncrustify:/home/hk/ros2_ws/install/ament_cmake_pyflakes:/home/hk/ros2_ws/install/ament_cmake_pycodestyle:/home/hk/ros2_ws/install/ament_cmake_pep257:/home/hk/ros2_ws/install/ament_cmake_pclint:/home/hk/ros2_ws/install/ament_cmake_mypy:/home/hk/ros2_ws/install/ament_cmake_lint_cmake:/home/hk/ros2_ws/install/ament_lint_auto:/home/hk/ros2_ws/install/ament_cmake_flake8:/home/hk/ros2_ws/install/ament_cmake_copyright:/home/hk/ros2_ws/install/ament_cmake_cpplint:/home/hk/ros2_ws/install/ament_cmake_cppcheck:/home/hk/ros2_ws/install/ament_cmake_clang_tidy:/home/hk/ros2_ws/install/ament_cmake_clang_format:/home/hk/turtlebot3_ws/install/turtlebot3:/home/hk/turtlebot3_ws/install/turtlebot3_simulations:/home/hk/turtlebot3_ws/install/turtlebot3_bringup:/home/hk/turtlebot3_ws/install/turtlebot3_node:/home/hk/turtlebot3_ws/install/turtlebot3_navigation2:/home/hk/turtlebot3_ws/install/turtlebot3_fake_node:/home/hk/turtlebot3_ws/install/turtlebot3_msgs:/home/hk/turtlebot3_ws/install/turtlebot3_gazebo:/home/hk/turtlebot3_ws/install/turtlebot3_description:/home/hk/turtlebot3_ws/install/turtlebot3_cartographer:/home/hk/turtlebot3_ws/install/turtlebot3_autorace:/home/hk/turtlebot3_ws/install/dynamixel_sdk_examples:/home/hk/turtlebot3_ws/install/dynamixel_sdk_custom_interfaces:/home/hk/turtlebot3_term_pj/install/turtlebot3_term_pj_interfaces:/home/hk/capstone/control_code/install/px4_gui_ctrl:/home/hk/ros2_ws/install/hope_pj:/home/hk/ros2_ws/install/ament_xmllint:/home/hk/ros2_ws/install/ament_uncrustify:/home/hk/ros2_ws/install/ament_pyflakes:/home/hk/ros2_ws/install/ament_pycodestyle:/home/hk/ros2_ws/install/ament_pep257:/home/hk/ros2_ws/install/ament_pclint:/home/hk/ros2_ws/install/ament_mypy:/home/hk/ros2_ws/install/ament_lint_cmake:/home/hk/ros2_ws/install/ament_flake8:/home/hk/ros2_ws/install/ament_copyright:/home/hk/ros2_ws/install/ament_lint:/home/hk/ros2_ws/install/ament_cpplint:/home/hk/ros2_ws/install/ament_cppcheck:/home/hk/ros2_ws/install/ament_clang_tidy:/home/hk/ros2_ws/install/ament_clang_format:/home/hk/turtlebot3_ws/install/turtlebot3_teleop:/home/hk/turtlebot3_ws/install/turtlebot3_example:/home/hk/turtlebot3_ws/install/turtlebot3_autorace_mission:/home/hk/turtlebot3_ws/install/turtlebot3_autorace_detect:/home/hk/turtlebot3_ws/install/turtlebot3_autorace_camera:/home/hk/turtlebot3_ws/install/dynamixel_sdk:/home/hk/turtlebot3_term_pj/install/turtlebot3_term_pj:/opt/ros/humble LD_LIBRARY_PATH=/home/hk/capstone/control_code/install/px4_msgs/lib:${LD_LIBRARY_PATH} PYTHONPATH=/home/hk/capstone/control_code/install/px4_msgs/local/lib/python3.10/dist-packages:${PYTHONPATH} /usr/bin/cmake --build /home/hk/capstone/control_code/build/px4_offboard_ctrl -- -j20 -l20
[66.966s] DEBUG:colcon.colcon_core.event_handler.log_command:Invoked command in '/home/hk/capstone/control_code/build/px4_offboard_ctrl' returned '0': AMENT_PREFIX_PATH=/home/hk/capstone/control_code/install/px4_msgs:${AMENT_PREFIX_PATH} CMAKE_PREFIX_PATH=/home/hk/capstone/control_code/install/px4_msgs:/home/hk/capstone/control_code/install/px4_offboard_ctrl:/home/hk/ros2_ws/install/robot_programming_hw:/home/hk/ros2_ws/install/px4_msgs:/home/hk/ros2_ws/install/ament_lint_common:/home/hk/ros2_ws/install/ament_cmake_xmllint:/home/hk/ros2_ws/install/ament_cmake_uncrustify:/home/hk/ros2_ws/install/ament_cmake_pyflakes:/home/hk/ros2_ws/install/ament_cmake_pycodestyle:/home/hk/ros2_ws/install/ament_cmake_pep257:/home/hk/ros2_ws/install/ament_cmake_pclint:/home/hk/ros2_ws/install/ament_cmake_mypy:/home/hk/ros2_ws/install/ament_cmake_lint_cmake:/home/hk/ros2_ws/install/ament_lint_auto:/home/hk/ros2_ws/install/ament_cmake_flake8:/home/hk/ros2_ws/install/ament_cmake_copyright:/home/hk/ros2_ws/install/ament_cmake_cpplint:/home/hk/ros2_ws/install/ament_cmake_cppcheck:/home/hk/ros2_ws/install/ament_cmake_clang_tidy:/home/hk/ros2_ws/install/ament_cmake_clang_format:/home/hk/turtlebot3_ws/install/turtlebot3:/home/hk/turtlebot3_ws/install/turtlebot3_simulations:/home/hk/turtlebot3_ws/install/turtlebot3_bringup:/home/hk/turtlebot3_ws/install/turtlebot3_node:/home/hk/turtlebot3_ws/install/turtlebot3_navigation2:/home/hk/turtlebot3_ws/install/turtlebot3_fake_node:/home/hk/turtlebot3_ws/install/turtlebot3_msgs:/home/hk/turtlebot3_ws/install/turtlebot3_gazebo:/home/hk/turtlebot3_ws/install/turtlebot3_description:/home/hk/turtlebot3_ws/install/turtlebot3_cartographer:/home/hk/turtlebot3_ws/install/turtlebot3_autorace:/home/hk/turtlebot3_ws/install/dynamixel_sdk_examples:/home/hk/turtlebot3_ws/install/dynamixel_sdk_custom_interfaces:/home/hk/turtlebot3_term_pj/install/turtlebot3_term_pj_interfaces:/home/hk/capstone/control_code/install/px4_gui_ctrl:/home/hk/ros2_ws/install/hope_pj:/home/hk/ros2_ws/install/ament_xmllint:/home/hk/ros2_ws/install/ament_uncrustify:/home/hk/ros2_ws/install/ament_pyflakes:/home/hk/ros2_ws/install/ament_pycodestyle:/home/hk/ros2_ws/install/ament_pep257:/home/hk/ros2_ws/install/ament_pclint:/home/hk/ros2_ws/install/ament_mypy:/home/hk/ros2_ws/install/ament_lint_cmake:/home/hk/ros2_ws/install/ament_flake8:/home/hk/ros2_ws/install/ament_copyright:/home/hk/ros2_ws/install/ament_lint:/home/hk/ros2_ws/install/ament_cpplint:/home/hk/ros2_ws/install/ament_cppcheck:/home/hk/ros2_ws/install/ament_clang_tidy:/home/hk/ros2_ws/install/ament_clang_format:/home/hk/turtlebot3_ws/install/turtlebot3_teleop:/home/hk/turtlebot3_ws/install/turtlebot3_example:/home/hk/turtlebot3_ws/install/turtlebot3_autorace_mission:/home/hk/turtlebot3_ws/install/turtlebot3_autorace_detect:/home/hk/turtlebot3_ws/install/turtlebot3_autorace_camera:/home/hk/turtlebot3_ws/install/dynamixel_sdk:/home/hk/turtlebot3_term_pj/install/turtlebot3_term_pj:/opt/ros/humble LD_LIBRARY_PATH=/home/hk/capstone/control_code/install/px4_msgs/lib:${LD_LIBRARY_PATH} PYTHONPATH=/home/hk/capstone/control_code/install/px4_msgs/local/lib/python3.10/dist-packages:${PYTHONPATH} /usr/bin/cmake --build /home/hk/capstone/control_code/build/px4_offboard_ctrl -- -j20 -l20
[66.966s] DEBUG:colcon.colcon_core.event_handler.log_command:Invoking command in '/home/hk/capstone/control_code/build/px4_offboard_ctrl': AMENT_PREFIX_PATH=/home/hk/capstone/control_code/install/px4_msgs:${AMENT_PREFIX_PATH} CMAKE_PREFIX_PATH=/home/hk/capstone/control_code/install/px4_msgs:/home/hk/capstone/control_code/install/px4_offboard_ctrl:/home/hk/ros2_ws/install/robot_programming_hw:/home/hk/ros2_ws/install/px4_msgs:/home/hk/ros2_ws/install/ament_lint_common:/home/hk/ros2_ws/install/ament_cmake_xmllint:/home/hk/ros2_ws/install/ament_cmake_uncrustify:/home/hk/ros2_ws/install/ament_cmake_pyflakes:/home/hk/ros2_ws/install/ament_cmake_pycodestyle:/home/hk/ros2_ws/install/ament_cmake_pep257:/home/hk/ros2_ws/install/ament_cmake_pclint:/home/hk/ros2_ws/install/ament_cmake_mypy:/home/hk/ros2_ws/install/ament_cmake_lint_cmake:/home/hk/ros2_ws/install/ament_lint_auto:/home/hk/ros2_ws/install/ament_cmake_flake8:/home/hk/ros2_ws/install/ament_cmake_copyright:/home/hk/ros2_ws/install/ament_cmake_cpplint:/home/hk/ros2_ws/install/ament_cmake_cppcheck:/home/hk/ros2_ws/install/ament_cmake_clang_tidy:/home/hk/ros2_ws/install/ament_cmake_clang_format:/home/hk/turtlebot3_ws/install/turtlebot3:/home/hk/turtlebot3_ws/install/turtlebot3_simulations:/home/hk/turtlebot3_ws/install/turtlebot3_bringup:/home/hk/turtlebot3_ws/install/turtlebot3_node:/home/hk/turtlebot3_ws/install/turtlebot3_navigation2:/home/hk/turtlebot3_ws/install/turtlebot3_fake_node:/home/hk/turtlebot3_ws/install/turtlebot3_msgs:/home/hk/turtlebot3_ws/install/turtlebot3_gazebo:/home/hk/turtlebot3_ws/install/turtlebot3_description:/home/hk/turtlebot3_ws/install/turtlebot3_cartographer:/home/hk/turtlebot3_ws/install/turtlebot3_autorace:/home/hk/turtlebot3_ws/install/dynamixel_sdk_examples:/home/hk/turtlebot3_ws/install/dynamixel_sdk_custom_interfaces:/home/hk/turtlebot3_term_pj/install/turtlebot3_term_pj_interfaces:/home/hk/capstone/control_code/install/px4_gui_ctrl:/home/hk/ros2_ws/install/hope_pj:/home/hk/ros2_ws/install/ament_xmllint:/home/hk/ros2_ws/install/ament_uncrustify:/home/hk/ros2_ws/install/ament_pyflakes:/home/hk/ros2_ws/install/ament_pycodestyle:/home/hk/ros2_ws/install/ament_pep257:/home/hk/ros2_ws/install/ament_pclint:/home/hk/ros2_ws/install/ament_mypy:/home/hk/ros2_ws/install/ament_lint_cmake:/home/hk/ros2_ws/install/ament_flake8:/home/hk/ros2_ws/install/ament_copyright:/home/hk/ros2_ws/install/ament_lint:/home/hk/ros2_ws/install/ament_cpplint:/home/hk/ros2_ws/install/ament_cppcheck:/home/hk/ros2_ws/install/ament_clang_tidy:/home/hk/ros2_ws/install/ament_clang_format:/home/hk/turtlebot3_ws/install/turtlebot3_teleop:/home/hk/turtlebot3_ws/install/turtlebot3_example:/home/hk/turtlebot3_ws/install/turtlebot3_autorace_mission:/home/hk/turtlebot3_ws/install/turtlebot3_autorace_detect:/home/hk/turtlebot3_ws/install/turtlebot3_autorace_camera:/home/hk/turtlebot3_ws/install/dynamixel_sdk:/home/hk/turtlebot3_term_pj/install/turtlebot3_term_pj:/opt/ros/humble LD_LIBRARY_PATH=/home/hk/capstone/control_code/install/px4_msgs/lib:${LD_LIBRARY_PATH} PYTHONPATH=/home/hk/capstone/control_code/install/px4_msgs/local/lib/python3.10/dist-packages:${PYTHONPATH} /usr/bin/cmake --install /home/hk/capstone/control_code/build/px4_offboard_ctrl
[66.969s] Level 1:colcon.colcon_core.environment:create_environment_scripts_only(px4_offboard_ctrl)
[66.969s] Level 1:colcon.colcon_core.environment:checking '/home/hk/capstone/control_code/install/px4_offboard_ctrl' for CMake module files
[66.969s] Level 1:colcon.colcon_core.environment:checking '/home/hk/capstone/control_code/install/px4_offboard_ctrl' for CMake config files
[66.969s] Level 1:colcon.colcon_core.shell:create_environment_hook('px4_offboard_ctrl', 'cmake_prefix_path')
[66.970s] INFO:colcon.colcon_core.shell:Creating environment hook '/home/hk/capstone/control_code/install/px4_offboard_ctrl/share/px4_offboard_ctrl/hook/cmake_prefix_path.ps1'
[66.970s] INFO:colcon.colcon_core.shell:Creating environment descriptor '/home/hk/capstone/control_code/install/px4_offboard_ctrl/share/px4_offboard_ctrl/hook/cmake_prefix_path.dsv'
[66.970s] INFO:colcon.colcon_core.shell:Creating environment hook '/home/hk/capstone/control_code/install/px4_offboard_ctrl/share/px4_offboard_ctrl/hook/cmake_prefix_path.sh'
[66.970s] Level 1:colcon.colcon_core.environment:checking '/home/hk/capstone/control_code/install/px4_offboard_ctrl/lib'
[66.970s] DEBUG:colcon.colcon_core.event_handler.log_command:Invoked command in '/home/hk/capstone/control_code/build/px4_offboard_ctrl' returned '0': AMENT_PREFIX_PATH=/home/hk/capstone/control_code/install/px4_msgs:${AMENT_PREFIX_PATH} CMAKE_PREFIX_PATH=/home/hk/capstone/control_code/install/px4_msgs:/home/hk/capstone/control_code/install/px4_offboard_ctrl:/home/hk/ros2_ws/install/robot_programming_hw:/home/hk/ros2_ws/install/px4_msgs:/home/hk/ros2_ws/install/ament_lint_common:/home/hk/ros2_ws/install/ament_cmake_xmllint:/home/hk/ros2_ws/install/ament_cmake_uncrustify:/home/hk/ros2_ws/install/ament_cmake_pyflakes:/home/hk/ros2_ws/install/ament_cmake_pycodestyle:/home/hk/ros2_ws/install/ament_cmake_pep257:/home/hk/ros2_ws/install/ament_cmake_pclint:/home/hk/ros2_ws/install/ament_cmake_mypy:/home/hk/ros2_ws/install/ament_cmake_lint_cmake:/home/hk/ros2_ws/install/ament_lint_auto:/home/hk/ros2_ws/install/ament_cmake_flake8:/home/hk/ros2_ws/install/ament_cmake_copyright:/home/hk/ros2_ws/install/ament_cmake_cpplint:/home/hk/ros2_ws/install/ament_cmake_cppcheck:/home/hk/ros2_ws/install/ament_cmake_clang_tidy:/home/hk/ros2_ws/install/ament_cmake_clang_format:/home/hk/turtlebot3_ws/install/turtlebot3:/home/hk/turtlebot3_ws/install/turtlebot3_simulations:/home/hk/turtlebot3_ws/install/turtlebot3_bringup:/home/hk/turtlebot3_ws/install/turtlebot3_node:/home/hk/turtlebot3_ws/install/turtlebot3_navigation2:/home/hk/turtlebot3_ws/install/turtlebot3_fake_node:/home/hk/turtlebot3_ws/install/turtlebot3_msgs:/home/hk/turtlebot3_ws/install/turtlebot3_gazebo:/home/hk/turtlebot3_ws/install/turtlebot3_description:/home/hk/turtlebot3_ws/install/turtlebot3_cartographer:/home/hk/turtlebot3_ws/install/turtlebot3_autorace:/home/hk/turtlebot3_ws/install/dynamixel_sdk_examples:/home/hk/turtlebot3_ws/install/dynamixel_sdk_custom_interfaces:/home/hk/turtlebot3_term_pj/install/turtlebot3_term_pj_interfaces:/home/hk/capstone/control_code/install/px4_gui_ctrl:/home/hk/ros2_ws/install/hope_pj:/home/hk/ros2_ws/install/ament_xmllint:/home/hk/ros2_ws/install/ament_uncrustify:/home/hk/ros2_ws/install/ament_pyflakes:/home/hk/ros2_ws/install/ament_pycodestyle:/home/hk/ros2_ws/install/ament_pep257:/home/hk/ros2_ws/install/ament_pclint:/home/hk/ros2_ws/install/ament_mypy:/home/hk/ros2_ws/install/ament_lint_cmake:/home/hk/ros2_ws/install/ament_flake8:/home/hk/ros2_ws/install/ament_copyright:/home/hk/ros2_ws/install/ament_lint:/home/hk/ros2_ws/install/ament_cpplint:/home/hk/ros2_ws/install/ament_cppcheck:/home/hk/ros2_ws/install/ament_clang_tidy:/home/hk/ros2_ws/install/ament_clang_format:/home/hk/turtlebot3_ws/install/turtlebot3_teleop:/home/hk/turtlebot3_ws/install/turtlebot3_example:/home/hk/turtlebot3_ws/install/turtlebot3_autorace_mission:/home/hk/turtlebot3_ws/install/turtlebot3_autorace_detect:/home/hk/turtlebot3_ws/install/turtlebot3_autorace_camera:/home/hk/turtlebot3_ws/install/dynamixel_sdk:/home/hk/turtlebot3_term_pj/install/turtlebot3_term_pj:/opt/ros/humble LD_LIBRARY_PATH=/home/hk/capstone/control_code/install/px4_msgs/lib:${LD_LIBRARY_PATH} PYTHONPATH=/home/hk/capstone/control_code/install/px4_msgs/local/lib/python3.10/dist-packages:${PYTHONPATH} /usr/bin/cmake --install /home/hk/capstone/control_code/build/px4_offboard_ctrl
[66.970s] Level 1:colcon.colcon_core.environment:checking '/home/hk/capstone/control_code/install/px4_offboard_ctrl/bin'
[66.970s] Level 1:colcon.colcon_core.environment:checking '/home/hk/capstone/control_code/install/px4_offboard_ctrl/lib/pkgconfig/px4_offboard_ctrl.pc'
[66.970s] Level 1:colcon.colcon_core.environment:checking '/home/hk/capstone/control_code/install/px4_offboard_ctrl/lib/python3.10/site-packages'
[66.971s] Level 1:colcon.colcon_core.environment:checking '/home/hk/capstone/control_code/install/px4_offboard_ctrl/bin'
[66.971s] INFO:colcon.colcon_core.shell:Creating package script '/home/hk/capstone/control_code/install/px4_offboard_ctrl/share/px4_offboard_ctrl/package.ps1'
[66.971s] INFO:colcon.colcon_core.shell:Creating package descriptor '/home/hk/capstone/control_code/install/px4_offboard_ctrl/share/px4_offboard_ctrl/package.dsv'
[66.971s] INFO:colcon.colcon_core.shell:Creating package script '/home/hk/capstone/control_code/install/px4_offboard_ctrl/share/px4_offboard_ctrl/package.sh'
[66.971s] INFO:colcon.colcon_core.shell:Creating package script '/home/hk/capstone/control_code/install/px4_offboard_ctrl/share/px4_offboard_ctrl/package.bash'
[66.971s] INFO:colcon.colcon_core.shell:Creating package script '/home/hk/capstone/control_code/install/px4_offboard_ctrl/share/px4_offboard_ctrl/package.zsh'
[66.971s] Level 1:colcon.colcon_core.environment:create_file_with_runtime_dependencies(/home/hk/capstone/control_code/install/px4_offboard_ctrl/share/colcon-core/packages/px4_offboard_ctrl)
[66.972s] Level 1:colcon.colcon_core.environment:create_environment_scripts_only(px4_offboard_ctrl)
[66.972s] Level 1:colcon.colcon_core.environment:checking '/home/hk/capstone/control_code/install/px4_offboard_ctrl' for CMake module files
[66.972s] Level 1:colcon.colcon_core.environment:checking '/home/hk/capstone/control_code/install/px4_offboard_ctrl' for CMake config files
[66.972s] Level 1:colcon.colcon_core.shell:create_environment_hook('px4_offboard_ctrl', 'cmake_prefix_path')
[66.972s] INFO:colcon.colcon_core.shell:Creating environment hook '/home/hk/capstone/control_code/install/px4_offboard_ctrl/share/px4_offboard_ctrl/hook/cmake_prefix_path.ps1'
[66.972s] INFO:colcon.colcon_core.shell:Creating environment descriptor '/home/hk/capstone/control_code/install/px4_offboard_ctrl/share/px4_offboard_ctrl/hook/cmake_prefix_path.dsv'
[66.972s] INFO:colcon.colcon_core.shell:Creating environment hook '/home/hk/capstone/control_code/install/px4_offboard_ctrl/share/px4_offboard_ctrl/hook/cmake_prefix_path.sh'
[66.972s] Level 1:colcon.colcon_core.environment:checking '/home/hk/capstone/control_code/install/px4_offboard_ctrl/lib'
[66.972s] Level 1:colcon.colcon_core.environment:checking '/home/hk/capstone/control_code/install/px4_offboard_ctrl/bin'
[66.972s] Level 1:colcon.colcon_core.environment:checking '/home/hk/capstone/control_code/install/px4_offboard_ctrl/lib/pkgconfig/px4_offboard_ctrl.pc'
[66.973s] Level 1:colcon.colcon_core.environment:checking '/home/hk/capstone/control_code/install/px4_offboard_ctrl/lib/python3.10/site-packages'
[66.973s] Level 1:colcon.colcon_core.environment:checking '/home/hk/capstone/control_code/install/px4_offboard_ctrl/bin'
[66.973s] INFO:colcon.colcon_core.shell:Creating package script '/home/hk/capstone/control_code/install/px4_offboard_ctrl/share/px4_offboard_ctrl/package.ps1'
[66.973s] INFO:colcon.colcon_core.shell:Creating package descriptor '/home/hk/capstone/control_code/install/px4_offboard_ctrl/share/px4_offboard_ctrl/package.dsv'
[66.973s] INFO:colcon.colcon_core.shell:Creating package script '/home/hk/capstone/control_code/install/px4_offboard_ctrl/share/px4_offboard_ctrl/package.sh'
[66.973s] INFO:colcon.colcon_core.shell:Creating package script '/home/hk/capstone/control_code/install/px4_offboard_ctrl/share/px4_offboard_ctrl/package.bash'
[66.973s] INFO:colcon.colcon_core.shell:Creating package script '/home/hk/capstone/control_code/install/px4_offboard_ctrl/share/px4_offboard_ctrl/package.zsh'
[66.974s] Level 1:colcon.colcon_core.environment:create_file_with_runtime_dependencies(/home/hk/capstone/control_code/install/px4_offboard_ctrl/share/colcon-core/packages/px4_offboard_ctrl)
[66.974s] DEBUG:colcon.colcon_parallel_executor.executor.parallel:closing loop
[66.974s] DEBUG:colcon.colcon_parallel_executor.executor.parallel:loop closed
[66.974s] DEBUG:colcon.colcon_parallel_executor.executor.parallel:run_until_complete finished with '0'
[66.974s] DEBUG:colcon.colcon_core.event_reactor:joining thread
[66.977s] INFO:colcon.colcon_core.plugin_system:Skipping extension 'colcon_notification.desktop_notification.terminal_notifier': Not used on non-Darwin systems
[66.977s] INFO:colcon.colcon_core.plugin_system:Skipping extension 'colcon_notification.desktop_notification.win32': Not used on non-Windows systems
[66.977s] INFO:colcon.colcon_notification.desktop_notification:Sending desktop notification using 'notify2'
[66.983s] DEBUG:colcon.colcon_core.event_reactor:joined thread
[66.983s] INFO:colcon.colcon_core.shell:Creating prefix script '/home/hk/capstone/control_code/install/local_setup.ps1'
[66.984s] INFO:colcon.colcon_core.shell:Creating prefix util module '/home/hk/capstone/control_code/install/_local_setup_util_ps1.py'
[66.984s] INFO:colcon.colcon_core.shell:Creating prefix chain script '/home/hk/capstone/control_code/install/setup.ps1'
[66.985s] INFO:colcon.colcon_core.shell:Creating prefix script '/home/hk/capstone/control_code/install/local_setup.sh'
[66.985s] INFO:colcon.colcon_core.shell:Creating prefix util module '/home/hk/capstone/control_code/install/_local_setup_util_sh.py'
[66.986s] INFO:colcon.colcon_core.shell:Creating prefix chain script '/home/hk/capstone/control_code/install/setup.sh'
[66.986s] INFO:colcon.colcon_core.shell:Creating prefix script '/home/hk/capstone/control_code/install/local_setup.bash'
[66.987s] INFO:colcon.colcon_core.shell:Creating prefix chain script '/home/hk/capstone/control_code/install/setup.bash'
[66.987s] INFO:colcon.colcon_core.shell:Creating prefix script '/home/hk/capstone/control_code/install/local_setup.zsh'
[66.988s] INFO:colcon.colcon_core.shell:Creating prefix chain script '/home/hk/capstone/control_code/install/setup.zsh'
