[0.361s] Invoking command in '/home/hk/capstone/control_code/src/px4_gui_ctrl': CMAKE_PREFIX_PATH=/home/hk/capstone/control_code/install/px4_msgs:/home/hk/capstone/control_code/install/px4_offboard_ctrl:/home/hk/ros2_ws/install/robot_programming_hw:/home/hk/ros2_ws/install/px4_msgs:/home/hk/ros2_ws/install/ament_lint_common:/home/hk/ros2_ws/install/ament_cmake_xmllint:/home/hk/ros2_ws/install/ament_cmake_uncrustify:/home/hk/ros2_ws/install/ament_cmake_pyflakes:/home/hk/ros2_ws/install/ament_cmake_pycodestyle:/home/hk/ros2_ws/install/ament_cmake_pep257:/home/hk/ros2_ws/install/ament_cmake_pclint:/home/hk/ros2_ws/install/ament_cmake_mypy:/home/hk/ros2_ws/install/ament_cmake_lint_cmake:/home/hk/ros2_ws/install/ament_lint_auto:/home/hk/ros2_ws/install/ament_cmake_flake8:/home/hk/ros2_ws/install/ament_cmake_copyright:/home/hk/ros2_ws/install/ament_cmake_cpplint:/home/hk/ros2_ws/install/ament_cmake_cppcheck:/home/hk/ros2_ws/install/ament_cmake_clang_tidy:/home/hk/ros2_ws/install/ament_cmake_clang_format:/home/hk/turtlebot3_ws/install/turtlebot3:/home/hk/turtlebot3_ws/install/turtlebot3_simulations:/home/hk/turtlebot3_ws/install/turtlebot3_bringup:/home/hk/turtlebot3_ws/install/turtlebot3_node:/home/hk/turtlebot3_ws/install/turtlebot3_navigation2:/home/hk/turtlebot3_ws/install/turtlebot3_fake_node:/home/hk/turtlebot3_ws/install/turtlebot3_msgs:/home/hk/turtlebot3_ws/install/turtlebot3_gazebo:/home/hk/turtlebot3_ws/install/turtlebot3_description:/home/hk/turtlebot3_ws/install/turtlebot3_cartographer:/home/hk/turtlebot3_ws/install/turtlebot3_autorace:/home/hk/turtlebot3_ws/install/dynamixel_sdk_examples:/home/hk/turtlebot3_ws/install/dynamixel_sdk_custom_interfaces:/home/hk/turtlebot3_term_pj/install/turtlebot3_term_pj_interfaces PYTHONPATH=/home/hk/capstone/control_code/build/px4_gui_ctrl/prefix_override:/usr/lib/python3/dist-packages/colcon_core/task/python/colcon_distutils_commands:/home/hk/capstone/control_code/install/px4_gui_ctrl/lib/python3.10/site-packages:${PYTHONPATH} /usr/bin/python3 -W ignore:setup.py install is deprecated -W ignore:easy_install command is deprecated setup.py egg_info --egg-base ../../build/px4_gui_ctrl build --build-base /home/hk/capstone/control_code/build/px4_gui_ctrl/build install --record /home/hk/capstone/control_code/build/px4_gui_ctrl/install.log --single-version-externally-managed install_data
[0.477s] running egg_info
[0.477s] writing ../../build/px4_gui_ctrl/px4_gui_ctrl.egg-info/PKG-INFO
[0.477s] writing dependency_links to ../../build/px4_gui_ctrl/px4_gui_ctrl.egg-info/dependency_links.txt
[0.477s] writing entry points to ../../build/px4_gui_ctrl/px4_gui_ctrl.egg-info/entry_points.txt
[0.478s] writing requirements to ../../build/px4_gui_ctrl/px4_gui_ctrl.egg-info/requires.txt
[0.478s] writing top-level names to ../../build/px4_gui_ctrl/px4_gui_ctrl.egg-info/top_level.txt
[0.478s] reading manifest file '../../build/px4_gui_ctrl/px4_gui_ctrl.egg-info/SOURCES.txt'
[0.479s] writing manifest file '../../build/px4_gui_ctrl/px4_gui_ctrl.egg-info/SOURCES.txt'
[0.479s] running build
[0.479s] running build_py
[0.479s] copying px4_gui_ctrl/drone_teleop.py -> /home/hk/capstone/control_code/build/px4_gui_ctrl/build/lib/px4_gui_ctrl
[0.479s] running install
[0.479s] running install_lib
[0.479s] copying /home/hk/capstone/control_code/build/px4_gui_ctrl/build/lib/px4_gui_ctrl/drone_teleop.py -> /home/hk/capstone/control_code/install/px4_gui_ctrl/lib/python3.10/site-packages/px4_gui_ctrl
[0.480s] byte-compiling /home/hk/capstone/control_code/install/px4_gui_ctrl/lib/python3.10/site-packages/px4_gui_ctrl/drone_teleop.py to drone_teleop.cpython-310.pyc
[0.481s] running install_data
[0.481s] running install_egg_info
[0.481s] removing '/home/hk/capstone/control_code/install/px4_gui_ctrl/lib/python3.10/site-packages/px4_gui_ctrl-0.0.0-py3.10.egg-info' (and everything under it)
[0.483s] Copying ../../build/px4_gui_ctrl/px4_gui_ctrl.egg-info to /home/hk/capstone/control_code/install/px4_gui_ctrl/lib/python3.10/site-packages/px4_gui_ctrl-0.0.0-py3.10.egg-info
[0.485s] running install_scripts
[0.495s] Installing auto_painter_node script to /home/hk/capstone/control_code/install/px4_gui_ctrl/lib/px4_gui_ctrl
[0.495s] Installing drone_teleop_node script to /home/hk/capstone/control_code/install/px4_gui_ctrl/lib/px4_gui_ctrl
[0.495s] Installing gui_node script to /home/hk/capstone/control_code/install/px4_gui_ctrl/lib/px4_gui_ctrl
[0.495s] Installing manual_controller_node script to /home/hk/capstone/control_code/install/px4_gui_ctrl/lib/px4_gui_ctrl
[0.495s] writing list of installed files to '/home/hk/capstone/control_code/build/px4_gui_ctrl/install.log'
[0.506s] Invoked command in '/home/hk/capstone/control_code/src/px4_gui_ctrl' returned '0': CMAKE_PREFIX_PATH=/home/hk/capstone/control_code/install/px4_msgs:/home/hk/capstone/control_code/install/px4_offboard_ctrl:/home/hk/ros2_ws/install/robot_programming_hw:/home/hk/ros2_ws/install/px4_msgs:/home/hk/ros2_ws/install/ament_lint_common:/home/hk/ros2_ws/install/ament_cmake_xmllint:/home/hk/ros2_ws/install/ament_cmake_uncrustify:/home/hk/ros2_ws/install/ament_cmake_pyflakes:/home/hk/ros2_ws/install/ament_cmake_pycodestyle:/home/hk/ros2_ws/install/ament_cmake_pep257:/home/hk/ros2_ws/install/ament_cmake_pclint:/home/hk/ros2_ws/install/ament_cmake_mypy:/home/hk/ros2_ws/install/ament_cmake_lint_cmake:/home/hk/ros2_ws/install/ament_lint_auto:/home/hk/ros2_ws/install/ament_cmake_flake8:/home/hk/ros2_ws/install/ament_cmake_copyright:/home/hk/ros2_ws/install/ament_cmake_cpplint:/home/hk/ros2_ws/install/ament_cmake_cppcheck:/home/hk/ros2_ws/install/ament_cmake_clang_tidy:/home/hk/ros2_ws/install/ament_cmake_clang_format:/home/hk/turtlebot3_ws/install/turtlebot3:/home/hk/turtlebot3_ws/install/turtlebot3_simulations:/home/hk/turtlebot3_ws/install/turtlebot3_bringup:/home/hk/turtlebot3_ws/install/turtlebot3_node:/home/hk/turtlebot3_ws/install/turtlebot3_navigation2:/home/hk/turtlebot3_ws/install/turtlebot3_fake_node:/home/hk/turtlebot3_ws/install/turtlebot3_msgs:/home/hk/turtlebot3_ws/install/turtlebot3_gazebo:/home/hk/turtlebot3_ws/install/turtlebot3_description:/home/hk/turtlebot3_ws/install/turtlebot3_cartographer:/home/hk/turtlebot3_ws/install/turtlebot3_autorace:/home/hk/turtlebot3_ws/install/dynamixel_sdk_examples:/home/hk/turtlebot3_ws/install/dynamixel_sdk_custom_interfaces:/home/hk/turtlebot3_term_pj/install/turtlebot3_term_pj_interfaces PYTHONPATH=/home/hk/capstone/control_code/build/px4_gui_ctrl/prefix_override:/usr/lib/python3/dist-packages/colcon_core/task/python/colcon_distutils_commands:/home/hk/capstone/control_code/install/px4_gui_ctrl/lib/python3.10/site-packages:${PYTHONPATH} /usr/bin/python3 -W ignore:setup.py install is deprecated -W ignore:easy_install command is deprecated setup.py egg_info --egg-base ../../build/px4_gui_ctrl build --build-base /home/hk/capstone/control_code/build/px4_gui_ctrl/build install --record /home/hk/capstone/control_code/build/px4_gui_ctrl/install.log --single-version-externally-managed install_data
