/home/hk/capstone/control_code/install/px4_gui_ctrl/lib/python3.10/site-packages/px4_gui_ctrl/manual_controller.py
/home/hk/capstone/control_code/install/px4_gui_ctrl/lib/python3.10/site-packages/px4_gui_ctrl/gui_node.py
/home/hk/capstone/control_code/install/px4_gui_ctrl/lib/python3.10/site-packages/px4_gui_ctrl/drone_teleop.py
/home/hk/capstone/control_code/install/px4_gui_ctrl/lib/python3.10/site-packages/px4_gui_ctrl/auto_painter.py
/home/hk/capstone/control_code/install/px4_gui_ctrl/lib/python3.10/site-packages/px4_gui_ctrl/__init__.py
/home/hk/capstone/control_code/install/px4_gui_ctrl/lib/python3.10/site-packages/px4_gui_ctrl/__pycache__/manual_controller.cpython-310.pyc
/home/hk/capstone/control_code/install/px4_gui_ctrl/lib/python3.10/site-packages/px4_gui_ctrl/__pycache__/gui_node.cpython-310.pyc
/home/hk/capstone/control_code/install/px4_gui_ctrl/lib/python3.10/site-packages/px4_gui_ctrl/__pycache__/drone_teleop.cpython-310.pyc
/home/hk/capstone/control_code/install/px4_gui_ctrl/lib/python3.10/site-packages/px4_gui_ctrl/__pycache__/auto_painter.cpython-310.pyc
/home/hk/capstone/control_code/install/px4_gui_ctrl/lib/python3.10/site-packages/px4_gui_ctrl/__pycache__/__init__.cpython-310.pyc
/home/hk/capstone/control_code/install/px4_gui_ctrl/share/ament_index/resource_index/packages/px4_gui_ctrl
/home/hk/capstone/control_code/install/px4_gui_ctrl/share/px4_gui_ctrl/package.xml
/home/hk/capstone/control_code/install/px4_gui_ctrl/lib/python3.10/site-packages/px4_gui_ctrl-0.0.0-py3.10.egg-info/SOURCES.txt
/home/hk/capstone/control_code/install/px4_gui_ctrl/lib/python3.10/site-packages/px4_gui_ctrl-0.0.0-py3.10.egg-info/PKG-INFO
/home/hk/capstone/control_code/install/px4_gui_ctrl/lib/python3.10/site-packages/px4_gui_ctrl-0.0.0-py3.10.egg-info/requires.txt
/home/hk/capstone/control_code/install/px4_gui_ctrl/lib/python3.10/site-packages/px4_gui_ctrl-0.0.0-py3.10.egg-info/top_level.txt
/home/hk/capstone/control_code/install/px4_gui_ctrl/lib/python3.10/site-packages/px4_gui_ctrl-0.0.0-py3.10.egg-info/dependency_links.txt
/home/hk/capstone/control_code/install/px4_gui_ctrl/lib/python3.10/site-packages/px4_gui_ctrl-0.0.0-py3.10.egg-info/entry_points.txt
/home/hk/capstone/control_code/install/px4_gui_ctrl/lib/python3.10/site-packages/px4_gui_ctrl-0.0.0-py3.10.egg-info/zip-safe
/home/hk/capstone/control_code/install/px4_gui_ctrl/lib/px4_gui_ctrl/auto_painter_node
/home/hk/capstone/control_code/install/px4_gui_ctrl/lib/px4_gui_ctrl/drone_teleop_node
/home/hk/capstone/control_code/install/px4_gui_ctrl/lib/px4_gui_ctrl/gui_node
/home/hk/capstone/control_code/install/px4_gui_ctrl/lib/px4_gui_ctrl/manual_controller_node
