[0.334s] Invoking command in '/home/hk/capstone/control_code/src/px4_gui_ctrl': PYTHONPATH=/home/hk/capstone/control_code/build/px4_gui_ctrl/prefix_override:/usr/lib/python3/dist-packages/colcon_core/task/python/colcon_distutils_commands:/home/hk/capstone/control_code/install/px4_gui_ctrl/lib/python3.10/site-packages:${PYTHONPATH} /usr/bin/python3 -W ignore:setup.py install is deprecated -W ignore:easy_install command is deprecated setup.py egg_info --egg-base ../../build/px4_gui_ctrl build --build-base /home/hk/capstone/control_code/build/px4_gui_ctrl/build install --record /home/hk/capstone/control_code/build/px4_gui_ctrl/install.log --single-version-externally-managed install_data
[0.452s] running egg_info
[0.453s] writing ../../build/px4_gui_ctrl/px4_gui_ctrl.egg-info/PKG-INFO
[0.453s] writing dependency_links to ../../build/px4_gui_ctrl/px4_gui_ctrl.egg-info/dependency_links.txt
[0.453s] writing entry points to ../../build/px4_gui_ctrl/px4_gui_ctrl.egg-info/entry_points.txt
[0.453s] writing requirements to ../../build/px4_gui_ctrl/px4_gui_ctrl.egg-info/requires.txt
[0.453s] writing top-level names to ../../build/px4_gui_ctrl/px4_gui_ctrl.egg-info/top_level.txt
[0.453s] reading manifest file '../../build/px4_gui_ctrl/px4_gui_ctrl.egg-info/SOURCES.txt'
[0.453s] writing manifest file '../../build/px4_gui_ctrl/px4_gui_ctrl.egg-info/SOURCES.txt'
[0.453s] running build
[0.453s] running build_py
[0.453s] copying px4_gui_ctrl/drone_teleop.py -> /home/hk/capstone/control_code/build/px4_gui_ctrl/build/lib/px4_gui_ctrl
[0.453s] running install
[0.454s] running install_lib
[0.454s] copying /home/hk/capstone/control_code/build/px4_gui_ctrl/build/lib/px4_gui_ctrl/drone_teleop.py -> /home/hk/capstone/control_code/install/px4_gui_ctrl/lib/python3.10/site-packages/px4_gui_ctrl
[0.454s] byte-compiling /home/hk/capstone/control_code/install/px4_gui_ctrl/lib/python3.10/site-packages/px4_gui_ctrl/drone_teleop.py to drone_teleop.cpython-310.pyc
[0.455s] running install_data
[0.455s] running install_egg_info
[0.456s] removing '/home/hk/capstone/control_code/install/px4_gui_ctrl/lib/python3.10/site-packages/px4_gui_ctrl-0.0.0-py3.10.egg-info' (and everything under it)
[0.456s] Copying ../../build/px4_gui_ctrl/px4_gui_ctrl.egg-info to /home/hk/capstone/control_code/install/px4_gui_ctrl/lib/python3.10/site-packages/px4_gui_ctrl-0.0.0-py3.10.egg-info
[0.457s] running install_scripts
[0.467s] Installing auto_painter_node script to /home/hk/capstone/control_code/install/px4_gui_ctrl/lib/px4_gui_ctrl
[0.467s] Installing drone_teleop_node script to /home/hk/capstone/control_code/install/px4_gui_ctrl/lib/px4_gui_ctrl
[0.467s] Installing gui_node script to /home/hk/capstone/control_code/install/px4_gui_ctrl/lib/px4_gui_ctrl
[0.467s] Installing manual_controller_node script to /home/hk/capstone/control_code/install/px4_gui_ctrl/lib/px4_gui_ctrl
[0.467s] writing list of installed files to '/home/hk/capstone/control_code/build/px4_gui_ctrl/install.log'
[0.478s] Invoked command in '/home/hk/capstone/control_code/src/px4_gui_ctrl' returned '0': PYTHONPATH=/home/hk/capstone/control_code/build/px4_gui_ctrl/prefix_override:/usr/lib/python3/dist-packages/colcon_core/task/python/colcon_distutils_commands:/home/hk/capstone/control_code/install/px4_gui_ctrl/lib/python3.10/site-packages:${PYTHONPATH} /usr/bin/python3 -W ignore:setup.py install is deprecated -W ignore:easy_install command is deprecated setup.py egg_info --egg-base ../../build/px4_gui_ctrl build --build-base /home/hk/capstone/control_code/build/px4_gui_ctrl/build install --record /home/hk/capstone/control_code/build/px4_gui_ctrl/install.log --single-version-externally-managed install_data
