-- The C compiler identification is GNU 12.3.0
-- The CXX compiler identification is GNU 12.3.0
-- Detecting C compiler ABI info
-- Detecting C compiler ABI info - done
-- Check for working C compiler: /usr/bin/cc - skipped
-- Detecting C compile features
-- Detecting C compile features - done
-- Detecting CXX compiler ABI info
-- Detecting CXX compiler ABI info - done
-- Check for working CXX compiler: /usr/bin/c++ - skipped
-- Detecting CXX compile features
-- Detecting CXX compile features - done
-- Found ament_cmake: 1.3.14 (/opt/ros/humble/share/ament_cmake/cmake)
-- Found Python3: /usr/bin/python3 (found version "3.10.12") found components: Interpreter 
-- Found rclcpp: 16.0.19 (/opt/ros/humble/share/rclcpp/cmake)
-- Found rosidl_generator_c: 3.1.8 (/opt/ros/humble/share/rosidl_generator_c/cmake)
-- Found rosidl_adapter: 3.1.8 (/opt/ros/humble/share/rosidl_adapter/cmake)
-- Found rosidl_generator_cpp: 3.1.8 (/opt/ros/humble/share/rosidl_generator_cpp/cmake)
-- Using all available rosidl_typesupport_c: rosidl_typesupport_fastrtps_c;rosidl_typesupport_introspection_c
-- Using all available rosidl_typesupport_cpp: rosidl_typesupport_fastrtps_cpp;rosidl_typesupport_introspection_cpp
-- Found rmw_implementation_cmake: 6.1.2 (/opt/ros/humble/share/rmw_implementation_cmake/cmake)
-- Found rmw_fastrtps_cpp: 6.2.10 (/opt/ros/humble/share/rmw_fastrtps_cpp/cmake)
-- Found OpenSSL: /usr/lib/x86_64-linux-gnu/libcrypto.so (found version "3.0.2")  
-- Found FastRTPS: /opt/ros/humble/include  
-- Using RMW implementation 'rmw_fastrtps_cpp' as default
-- Looking for pthread.h
-- Looking for pthread.h - found
-- Performing Test CMAKE_HAVE_LIBC_PTHREAD
-- Performing Test CMAKE_HAVE_LIBC_PTHREAD - Success
-- Found Threads: TRUE  
-- Found px4_msgs: 2.0.1 (/home/hk/capstone/control_code/install/px4_msgs/share/px4_msgs/cmake)
-- Found ament_lint_auto: 0.12.14 (/home/hk/ros2_ws/install/ament_lint_auto/share/ament_lint_auto/cmake)
-- Added test 'cppcheck' to perform static code analysis on C / C++ code
-- Configured cppcheck include dirs: 
-- Configured cppcheck exclude dirs and/or files: 
-- Added test 'lint_cmake' to check CMake code style
-- Added test 'uncrustify' to check C / C++ code style
-- Configured uncrustify additional arguments: 
-- Added test 'xmllint' to check XML markup files
-- Configuring done
-- Generating done
-- Build files have been written to: /home/hk/capstone/control_code/build/px4_offboard_ctrl
[ 50%] [32mBuilding CXX object CMakeFiles/offboard_control.dir/src/offboard_control.cpp.o[0m
[01m[K/home/hk/capstone/control_code/src/px4_offboard_ctrl/src/offboard_control.cpp:[m[K In constructor ‘[01m[KOffboardControl::OffboardControl()[m[K’:
[01m[K/home/hk/capstone/control_code/src/px4_offboard_ctrl/src/offboard_control.cpp:14:14:[m[K [01;35m[Kwarning: [m[Kvariable ‘[01m[Kqos[m[K’ set but not used [[01;35m[K]8;;https://gcc.gnu.org/onlinedocs/gcc/Warning-Options.html#index-Wunused-but-set-variable-Wunused-but-set-variable]8;;[m[K]
   14 |         auto [01;35m[Kqos[m[K = rclcpp::QoS(rclcpp::QoSInitialization(qos_profile.history, 5), qos_profile);
      |              [01;35m[K^~~[m[K
[100%] [32m[1mLinking CXX executable offboard_control[0m
[100%] Built target offboard_control
-- Install configuration: ""
-- Installing: /home/hk/capstone/control_code/install/px4_offboard_ctrl/lib/px4_offboard_ctrl/offboard_control
-- Set runtime path of "/home/hk/capstone/control_code/install/px4_offboard_ctrl/lib/px4_offboard_ctrl/offboard_control" to ""
-- Installing: /home/hk/capstone/control_code/install/px4_offboard_ctrl/share/ament_index/resource_index/package_run_dependencies/px4_offboard_ctrl
-- Installing: /home/hk/capstone/control_code/install/px4_offboard_ctrl/share/ament_index/resource_index/parent_prefix_path/px4_offboard_ctrl
-- Installing: /home/hk/capstone/control_code/install/px4_offboard_ctrl/share/px4_offboard_ctrl/environment/ament_prefix_path.sh
-- Installing: /home/hk/capstone/control_code/install/px4_offboard_ctrl/share/px4_offboard_ctrl/environment/ament_prefix_path.dsv
-- Installing: /home/hk/capstone/control_code/install/px4_offboard_ctrl/share/px4_offboard_ctrl/environment/path.sh
-- Installing: /home/hk/capstone/control_code/install/px4_offboard_ctrl/share/px4_offboard_ctrl/environment/path.dsv
-- Installing: /home/hk/capstone/control_code/install/px4_offboard_ctrl/share/px4_offboard_ctrl/local_setup.bash
-- Installing: /home/hk/capstone/control_code/install/px4_offboard_ctrl/share/px4_offboard_ctrl/local_setup.sh
-- Installing: /home/hk/capstone/control_code/install/px4_offboard_ctrl/share/px4_offboard_ctrl/local_setup.zsh
-- Installing: /home/hk/capstone/control_code/install/px4_offboard_ctrl/share/px4_offboard_ctrl/local_setup.dsv
-- Installing: /home/hk/capstone/control_code/install/px4_offboard_ctrl/share/px4_offboard_ctrl/package.dsv
-- Installing: /home/hk/capstone/control_code/install/px4_offboard_ctrl/share/ament_index/resource_index/packages/px4_offboard_ctrl
-- Installing: /home/hk/capstone/control_code/install/px4_offboard_ctrl/share/px4_offboard_ctrl/cmake/px4_offboard_ctrlConfig.cmake
-- Installing: /home/hk/capstone/control_code/install/px4_offboard_ctrl/share/px4_offboard_ctrl/cmake/px4_offboard_ctrlConfig-version.cmake
-- Installing: /home/hk/capstone/control_code/install/px4_offboard_ctrl/share/px4_offboard_ctrl/package.xml
